#
# There is insufficient memory for the Java Runtime Environment to continue.
# Native memory allocation (malloc) failed to allocate 65552 bytes for Chunk::new
# Possible reasons:
#   The system is out of physical RAM or swap space
#   The process is running with CompressedOops enabled, and the Java Heap may be blocking the growth of the native heap
# Possible solutions:
#   Reduce memory load on the system
#   Increase physical memory or swap space
#   Check if swap backing store is full
#   Decrease Java heap size (-Xmx/-Xms)
#   Decrease number of Java threads
#   Decrease Java thread stack sizes (-Xss)
#   Set larger code cache with -XX:ReservedCodeCacheSize=
#   JVM is running with Unscaled Compressed Oops mode in which the Java heap is
#     placed in the first 4GB address space. The Java Heap base address is the
#     maximum limit for the native heap growth. Please use -XX:HeapBaseMinAddress
#     to set the Java Heap base and to place the Java Heap above 4GB virtual address.
# This output file may be truncated or incomplete.
#
#  Out of Memory Error (src/hotspot/share/memory/arena.cpp:197), pid=1936, tid=2768
#
# JRE version: OpenJDK Runtime Environment (11.0.15) (build 11.0.15+0-b2043.56-9505619)
# Java VM: OpenJDK 64-Bit Server VM (11.0.15+0-b2043.56-9505619, mixed mode, tiered, compressed oops, g1 gc, windows-amd64)
# No core dump will be written. Minidumps are not enabled by default on client versions of Windows
#

---------------  S U M M A R Y ------------

Command Line: --add-opens=java.base/java.util=ALL-UNNAMED --add-opens=java.base/java.lang=ALL-UNNAMED --add-opens=java.base/java.lang.invoke=ALL-UNNAMED --add-opens=java.base/java.util=ALL-UNNAMED --add-opens=java.prefs/java.util.prefs=ALL-UNNAMED --add-opens=java.prefs/java.util.prefs=ALL-UNNAMED --add-opens=java.base/java.nio.charset=ALL-UNNAMED --add-opens=java.base/java.net=ALL-UNNAMED --add-opens=java.base/java.util.concurrent.atomic=ALL-UNNAMED -Xmx2048m -Dfile.encoding=UTF-8 -Duser.country=US -Duser.language=en -Duser.variant org.gradle.launcher.daemon.bootstrap.GradleDaemon 7.5

Host: AMD Ryzen 7 5700U with Radeon Graphics         , 16 cores, 7G,  Windows 11 , 64 bit Build 22621 (10.0.22621.1344)
Time: Fri Apr  7 14:14:19 2023 SE Asia Standard Time elapsed time: 12.721354 seconds (0d 0h 0m 12s)

---------------  T H R E A D  ---------------

Current thread (0x000001d09cfaf000):  JavaThread "C2 CompilerThread3" daemon [_thread_in_native, id=2768, stack(0x0000008abe200000,0x0000008abe300000)]


Current CompileTask:
C2:  12721 8176       4       org.objectweb.asm.MethodWriter::putMethodInfo (1274 bytes)

Stack: [0x0000008abe200000,0x0000008abe300000]
Native frames: (J=compiled Java code, j=interpreted, Vv=VM code, C=native code)
V  [jvm.dll+0x64135a]
V  [jvm.dll+0x7d39f9]
V  [jvm.dll+0x7d51b9]
V  [jvm.dll+0x7d58a3]
V  [jvm.dll+0x2691c5]
V  [jvm.dll+0xc1a5c]
V  [jvm.dll+0xc200c]
V  [jvm.dll+0xc1b6b]
V  [jvm.dll+0x61e08f]
V  [jvm.dll+0x22899b]
V  [jvm.dll+0x66cc8a]
V  [jvm.dll+0x22026e]
V  [jvm.dll+0x19e851]
V  [jvm.dll+0x230479]
V  [jvm.dll+0x22e5ef]
V  [jvm.dll+0x794de1]
V  [jvm.dll+0x78dc24]
V  [jvm.dll+0x6400f6]
C  [ucrtbase.dll+0x29363]
C  [KERNEL32.DLL+0x126bd]
C  [ntdll.dll+0x5a9f8]


---------------  P R O C E S S  ---------------

Threads class SMR info:
_java_thread_list=0x000001d0a1d14850, length=179, elements={
0x000001d0f920e800, 0x000001d0969b4800, 0x000001d0969be000, 0x000001d096195800,
0x000001d096196800, 0x000001d096198000, 0x000001d096199000, 0x000001d09619f800,
0x000001d0961a2800, 0x000001d096b5e000, 0x000001d098328000, 0x000001d097d23000,
0x000001d0985e8000, 0x000001d097fc5000, 0x000001d098607000, 0x000001d098511800,
0x000001d098512800, 0x000001d097609000, 0x000001d097609800, 0x000001d098921800,
0x000001d098ad0800, 0x000001d098b2c800, 0x000001d098b2b800, 0x000001d098b32000,
0x000001d098d85800, 0x000001d099840000, 0x000001d09ad95800, 0x000001d098b2d000,
0x000001d098b2e000, 0x000001d098b31800, 0x000001d098b2f000, 0x000001d098b30800,
0x000001d098b2f800, 0x000001d09ac30000, 0x000001d09ac30800, 0x000001d09ac2f000,
0x000001d09ac2c800, 0x000001d09ac32800, 0x000001d09ac33000, 0x000001d09ac34000,
0x000001d09ac2e000, 0x000001d09ac39800, 0x000001d09b251800, 0x000001d09cfaf000,
0x000001d09ac3a800, 0x000001d09ac39000, 0x000001d09ac34800, 0x000001d09ac35800,
0x000001d09ac36800, 0x000001d09ac37000, 0x000001d09ac38000, 0x000001d09cec7800,
0x000001d09cec7000, 0x000001d09cec6000, 0x000001d09cec5800, 0x000001d09cecc800,
0x000001d09cece800, 0x000001d09ceca000, 0x000001d09cecb000, 0x000001d09cecd800,
0x000001d09cec8800, 0x000001d09cecf000, 0x000001d09cec9800, 0x000001d09ced0800,
0x000001d09ced0000, 0x000001d09cecc000, 0x000001d09ced4000, 0x000001d09ced2800,
0x000001d09ced1800, 0x000001d09ced3000, 0x000001d09cf7b000, 0x000001d09cf79800,
0x000001d09cf77800, 0x000001d09cf7a000, 0x000001d09cf78800, 0x000001d09cf75000,
0x000001d09cf7c000, 0x000001d09cf76000, 0x000001d09cf77000, 0x000001d09d3b8800,
0x000001d09d3b9800, 0x000001d09d3b7000, 0x000001d09d3ba000, 0x000001d09d3b7800,
0x000001d09d3bb000, 0x000001d09d3b5800, 0x000001d09d3bc000, 0x000001d09d3b6000,
0x000001d09d3bd800, 0x000001d09d3c2800, 0x000001d09d3be800, 0x000001d09d3bf000,
0x000001d09d3bc800, 0x000001d09d3c4000, 0x000001d09d3c3000, 0x000001d09d3c0000,
0x000001d09d3c0800, 0x000001d09d3c1800, 0x000001d09cb45800, 0x000001d09cb46000,
0x000001d09cb4a000, 0x000001d09cb47000, 0x000001d09cb4d800, 0x000001d09cb4c000,
0x000001d09cb48800, 0x000001d09cb4b000, 0x000001d09cb4c800, 0x000001d09cb48000,
0x000001d09cb4e800, 0x000001d09cb4f000, 0x000001d09cb49800, 0x000001d09cb52800,
0x000001d09cb53000, 0x000001d09cb54000, 0x000001d09cb50000, 0x000001d09cb51000,
0x000001d09cb51800, 0x000001d09cbe7000, 0x000001d09cbe9800, 0x000001d09cbe8800,
0x000001d09cbea000, 0x000001d09cbeb000, 0x000001d09cbec000, 0x000001d09cbe6000,
0x000001d09cbed800, 0x000001d09cbec800, 0x000001d09cbe7800, 0x000001d09cbef000,
0x000001d09cbf0800, 0x000001d09cbf0000, 0x000001d09cbf4000, 0x000001d09cbee000,
0x000001d09cbf1800, 0x000001d09cbf2800, 0x000001d09cbf5000, 0x000001d09cbf3000,
0x000001d09ce06000, 0x000001d09ce08000, 0x000001d09ce08800, 0x000001d09ce0b000,
0x000001d09ce09800, 0x000001d09ce0a800, 0x000001d09ce07000, 0x000001d09ce05800,
0x000001d09ce0c800, 0x000001d09ce0d800, 0x000001d09ce0f000, 0x000001d09ce0e800,
0x000001d09ce11800, 0x000001d09ce10000, 0x000001d09ce11000, 0x000001d09ce0c000,
0x000001d09ce12800, 0x000001d09ce13800, 0x000001d09ce14000, 0x000001d09ce25800,
0x000001d09ce2c000, 0x000001d09ce28800, 0x000001d09ce2b000, 0x000001d09ce28000,
0x000001d09ce29800, 0x000001d09ce2a800, 0x000001d09ce27000, 0x000001d09ce26000,
0x000001d09ce31800, 0x000001d09ce31000, 0x000001d09ce2e800, 0x000001d09ce2d000,
0x000001d09ce33800, 0x000001d09ce2f000, 0x000001d09ce32800, 0x000001d09ce2d800,
0x000001d09ce30000, 0x000001d09ce34000, 0x000001d09cce7800, 0x000001d09cce4000,
0x000001d09cce5000, 0x000001d09cce6800, 0x000001d09cce8000
}

Java Threads: ( => current thread )
  0x000001d0f920e800 JavaThread "main" [_thread_blocked, id=12036, stack(0x0000008aba000000,0x0000008aba100000)]
  0x000001d0969b4800 JavaThread "Reference Handler" daemon [_thread_blocked, id=8712, stack(0x0000008aba700000,0x0000008aba800000)]
  0x000001d0969be000 JavaThread "Finalizer" daemon [_thread_blocked, id=11388, stack(0x0000008aba800000,0x0000008aba900000)]
  0x000001d096195800 JavaThread "Signal Dispatcher" daemon [_thread_blocked, id=11628, stack(0x0000008aba900000,0x0000008abaa00000)]
  0x000001d096196800 JavaThread "Attach Listener" daemon [_thread_blocked, id=7436, stack(0x0000008abaa00000,0x0000008abab00000)]
  0x000001d096198000 JavaThread "Service Thread" daemon [_thread_blocked, id=6704, stack(0x0000008abab00000,0x0000008abac00000)]
  0x000001d096199000 JavaThread "C2 CompilerThread0" daemon [_thread_in_native, id=11452, stack(0x0000008abac00000,0x0000008abad00000)]
  0x000001d09619f800 JavaThread "C1 CompilerThread0" daemon [_thread_blocked, id=1420, stack(0x0000008abad00000,0x0000008abae00000)]
  0x000001d0961a2800 JavaThread "Sweeper thread" daemon [_thread_blocked, id=2332, stack(0x0000008abae00000,0x0000008abaf00000)]
  0x000001d096b5e000 JavaThread "Common-Cleaner" daemon [_thread_blocked, id=7396, stack(0x0000008abaf00000,0x0000008abb000000)]
  0x000001d098328000 JavaThread "Daemon health stats" [_thread_blocked, id=7564, stack(0x0000008abb200000,0x0000008abb300000)]
  0x000001d097d23000 JavaThread "Incoming local TCP Connector on port 50914" [_thread_in_native, id=13012, stack(0x0000008abb300000,0x0000008abb400000)]
  0x000001d0985e8000 JavaThread "Daemon periodic checks" [_thread_blocked, id=4784, stack(0x0000008abb400000,0x0000008abb500000)]
  0x000001d097fc5000 JavaThread "Daemon" [_thread_blocked, id=3724, stack(0x0000008abb500000,0x0000008abb600000)]
  0x000001d098607000 JavaThread "Handler for socket connection from /127.0.0.1:50914 to /127.0.0.1:50915" [_thread_in_native, id=14996, stack(0x0000008abb600000,0x0000008abb700000)]
  0x000001d098511800 JavaThread "C1 CompilerThread1" daemon [_thread_blocked, id=14856, stack(0x0000008abb700000,0x0000008abb800000)]
  0x000001d098512800 JavaThread "Cancel handler" [_thread_blocked, id=7584, stack(0x0000008abb800000,0x0000008abb900000)]
  0x000001d097609000 JavaThread "Daemon worker" [_thread_in_vm, id=348, stack(0x0000008abb900000,0x0000008abba00000)]
  0x000001d097609800 JavaThread "Asynchronous log dispatcher for DefaultDaemonConnection: socket connection from /127.0.0.1:50914 to /127.0.0.1:50915" [_thread_blocked, id=9836, stack(0x0000008abba00000,0x0000008abbb00000)]
  0x000001d098921800 JavaThread "Stdin handler" [_thread_blocked, id=13396, stack(0x0000008abbb00000,0x0000008abbc00000)]
  0x000001d098ad0800 JavaThread "Daemon client event forwarder" [_thread_blocked, id=14820, stack(0x0000008abbc00000,0x0000008abbd00000)]
  0x000001d098b2c800 JavaThread "Cache worker for journal cache (C:\Users\an6el\.gradle\caches\journal-1)" [_thread_blocked, id=3148, stack(0x0000008abca00000,0x0000008abcb00000)]
  0x000001d098b2b800 JavaThread "File lock request listener" [_thread_in_native, id=6396, stack(0x0000008abcb00000,0x0000008abcc00000)]
  0x000001d098b32000 JavaThread "Cache worker for file hash cache (C:\Users\an6el\.gradle\caches\7.5\fileHashes)" [_thread_blocked, id=12800, stack(0x0000008abce00000,0x0000008abcf00000)]
  0x000001d098d85800 JavaThread "C2 CompilerThread1" daemon [_thread_in_native, id=13828, stack(0x0000008abcf00000,0x0000008abd000000)]
  0x000001d099840000 JavaThread "C1 CompilerThread2" daemon [_thread_in_native, id=10324, stack(0x0000008abd000000,0x0000008abd100000)]
  0x000001d09ad95800 JavaThread "C1 CompilerThread3" daemon [_thread_blocked, id=7448, stack(0x0000008abd100000,0x0000008abd200000)]
  0x000001d098b2d000 JavaThread "File watcher server" daemon [_thread_in_native, id=7920, stack(0x0000008abd200000,0x0000008abd300000)]
  0x000001d098b2e000 JavaThread "File watcher consumer" daemon [_thread_blocked, id=10392, stack(0x0000008abd300000,0x0000008abd400000)]
  0x000001d098b31800 JavaThread "Cache worker for checksums cache (C:\Users\Public\Documents\Project\.gradle\7.5\checksums)" [_thread_blocked, id=14760, stack(0x0000008abd400000,0x0000008abd500000)]
  0x000001d098b2f000 JavaThread "Cache worker for cache directory md-rule (C:\Users\an6el\.gradle\caches\7.5\md-rule)" [_thread_blocked, id=3628, stack(0x0000008abd500000,0x0000008abd600000)]
  0x000001d098b30800 JavaThread "Cache worker for file content cache (C:\Users\an6el\.gradle\caches\7.5\fileContent)" [_thread_blocked, id=3956, stack(0x0000008abd600000,0x0000008abd700000)]
  0x000001d098b2f800 JavaThread "Cache worker for file hash cache (C:\Users\Public\Documents\Project\.gradle\7.5\fileHashes)" [_thread_blocked, id=6580, stack(0x0000008abd700000,0x0000008abd800000)]
  0x000001d09ac30000 JavaThread "Cache worker for cache directory md-supplier (C:\Users\an6el\.gradle\caches\7.5\md-supplier)" [_thread_blocked, id=9152, stack(0x0000008abd800000,0x0000008abd900000)]
  0x000001d09ac30800 JavaThread "Cache worker for execution history cache (C:\Users\an6el\.gradle\caches\7.5\executionHistory)" [_thread_blocked, id=11192, stack(0x0000008abd900000,0x0000008abda00000)]
  0x000001d09ac2f000 JavaThread "jar transforms" [_thread_blocked, id=5608, stack(0x0000008abda00000,0x0000008abdb00000)]
  0x000001d09ac2c800 JavaThread "jar transforms Thread 2" [_thread_blocked, id=9116, stack(0x0000008abdb00000,0x0000008abdc00000)]
  0x000001d09ac32800 JavaThread "jar transforms Thread 3" [_thread_blocked, id=8420, stack(0x0000008abdd00000,0x0000008abde00000)]
  0x000001d09ac33000 JavaThread "jar transforms Thread 4" [_thread_blocked, id=10828, stack(0x0000008abde00000,0x0000008abdf00000)]
  0x000001d09ac34000 JavaThread "Cache worker for dependencies-accessors (C:\Users\Public\Documents\Project\.gradle\7.5\dependencies-accessors)" [_thread_blocked, id=2532, stack(0x0000008abdf00000,0x0000008abe000000)]
  0x000001d09ac2e000 JavaThread "jar transforms Thread 5" [_thread_blocked, id=10416, stack(0x0000008abdc00000,0x0000008abdd00000)]
  0x000001d09ac39800 JavaThread "Cache worker for Build Output Cleanup Cache (C:\Users\Public\Documents\Project\.gradle\buildOutputCleanup)" [_thread_blocked, id=13076, stack(0x0000008abe000000,0x0000008abe100000)]
  0x000001d09b251800 JavaThread "C2 CompilerThread2" daemon [_thread_in_native, id=13976, stack(0x0000008abe100000,0x0000008abe200000)]
=>0x000001d09cfaf000 JavaThread "C2 CompilerThread3" daemon [_thread_in_native, id=2768, stack(0x0000008abe200000,0x0000008abe300000)]
  0x000001d09ac3a800 JavaThread "Unconstrained build operations" [_thread_blocked, id=10560, stack(0x0000008abe400000,0x0000008abe500000)]
  0x000001d09ac39000 JavaThread "Unconstrained build operations Thread 2" [_thread_blocked, id=9480, stack(0x0000008abe500000,0x0000008abe600000)]
  0x000001d09ac34800 JavaThread "Unconstrained build operations Thread 3" [_thread_blocked, id=6484, stack(0x0000008abe600000,0x0000008abe700000)]
  0x000001d09ac35800 JavaThread "Unconstrained build operations Thread 4" [_thread_blocked, id=8032, stack(0x0000008abe700000,0x0000008abe800000)]
  0x000001d09ac36800 JavaThread "Unconstrained build operations Thread 5" [_thread_blocked, id=8888, stack(0x0000008abe800000,0x0000008abe900000)]
  0x000001d09ac37000 JavaThread "Unconstrained build operations Thread 6" [_thread_blocked, id=4760, stack(0x0000008abe900000,0x0000008abea00000)]
  0x000001d09ac38000 JavaThread "Unconstrained build operations Thread 7" [_thread_blocked, id=10244, stack(0x0000008abea00000,0x0000008abeb00000)]
  0x000001d09cec7800 JavaThread "Unconstrained build operations Thread 8" [_thread_blocked, id=13108, stack(0x0000008abeb00000,0x0000008abec00000)]
  0x000001d09cec7000 JavaThread "Unconstrained build operations Thread 9" [_thread_blocked, id=6860, stack(0x0000008abec00000,0x0000008abed00000)]
  0x000001d09cec6000 JavaThread "Unconstrained build operations Thread 10" [_thread_blocked, id=6892, stack(0x0000008abed00000,0x0000008abee00000)]
  0x000001d09cec5800 JavaThread "Unconstrained build operations Thread 11" [_thread_blocked, id=1268, stack(0x0000008abee00000,0x0000008abef00000)]
  0x000001d09cecc800 JavaThread "Unconstrained build operations Thread 12" [_thread_blocked, id=3032, stack(0x0000008abef00000,0x0000008abf000000)]
  0x000001d09cece800 JavaThread "Unconstrained build operations Thread 13" [_thread_blocked, id=11368, stack(0x0000008abf000000,0x0000008abf100000)]
  0x000001d09ceca000 JavaThread "Unconstrained build operations Thread 14" [_thread_blocked, id=8400, stack(0x0000008abf100000,0x0000008abf200000)]
  0x000001d09cecb000 JavaThread "Unconstrained build operations Thread 15" [_thread_blocked, id=14972, stack(0x0000008abf200000,0x0000008abf300000)]
  0x000001d09cecd800 JavaThread "Unconstrained build operations Thread 16" [_thread_blocked, id=2176, stack(0x0000008abf300000,0x0000008abf400000)]
  0x000001d09cec8800 JavaThread "Unconstrained build operations Thread 17" [_thread_blocked, id=2872, stack(0x0000008abf400000,0x0000008abf500000)]
  0x000001d09cecf000 JavaThread "Unconstrained build operations Thread 18" [_thread_blocked, id=15044, stack(0x0000008abf500000,0x0000008abf600000)]
  0x000001d09cec9800 JavaThread "Unconstrained build operations Thread 19" [_thread_blocked, id=14196, stack(0x0000008abf600000,0x0000008abf700000)]
  0x000001d09ced0800 JavaThread "Unconstrained build operations Thread 20" [_thread_blocked, id=11724, stack(0x0000008abf700000,0x0000008abf800000)]
  0x000001d09ced0000 JavaThread "Unconstrained build operations Thread 21" [_thread_blocked, id=2640, stack(0x0000008abf800000,0x0000008abf900000)]
  0x000001d09cecc000 JavaThread "Unconstrained build operations Thread 22" [_thread_blocked, id=4996, stack(0x0000008abf900000,0x0000008abfa00000)]
  0x000001d09ced4000 JavaThread "Unconstrained build operations Thread 23" [_thread_blocked, id=8484, stack(0x0000008abfa00000,0x0000008abfb00000)]
  0x000001d09ced2800 JavaThread "Unconstrained build operations Thread 24" [_thread_blocked, id=10628, stack(0x0000008abfb00000,0x0000008abfc00000)]
  0x000001d09ced1800 JavaThread "Unconstrained build operations Thread 25" [_thread_blocked, id=5396, stack(0x0000008abfc00000,0x0000008abfd00000)]
  0x000001d09ced3000 JavaThread "Unconstrained build operations Thread 26" [_thread_blocked, id=888, stack(0x0000008abfd00000,0x0000008abfe00000)]
  0x000001d09cf7b000 JavaThread "Unconstrained build operations Thread 27" [_thread_blocked, id=8524, stack(0x0000008abfe00000,0x0000008abff00000)]
  0x000001d09cf79800 JavaThread "Unconstrained build operations Thread 28" [_thread_blocked, id=9584, stack(0x0000008abff00000,0x0000008ac0000000)]
  0x000001d09cf77800 JavaThread "Unconstrained build operations Thread 29" [_thread_blocked, id=6812, stack(0x0000008ac0000000,0x0000008ac0100000)]
  0x000001d09cf7a000 JavaThread "Unconstrained build operations Thread 30" [_thread_blocked, id=2868, stack(0x0000008ac0100000,0x0000008ac0200000)]
  0x000001d09cf78800 JavaThread "Unconstrained build operations Thread 31" [_thread_blocked, id=1540, stack(0x0000008ac0200000,0x0000008ac0300000)]
  0x000001d09cf75000 JavaThread "Unconstrained build operations Thread 32" [_thread_blocked, id=7616, stack(0x0000008ac0300000,0x0000008ac0400000)]
  0x000001d09cf7c000 JavaThread "Unconstrained build operations Thread 33" [_thread_blocked, id=10048, stack(0x0000008ac0400000,0x0000008ac0500000)]
  0x000001d09cf76000 JavaThread "Unconstrained build operations Thread 34" [_thread_blocked, id=11652, stack(0x0000008ac0500000,0x0000008ac0600000)]
  0x000001d09cf77000 JavaThread "Unconstrained build operations Thread 35" [_thread_blocked, id=13680, stack(0x0000008ac0600000,0x0000008ac0700000)]
  0x000001d09d3b8800 JavaThread "Unconstrained build operations Thread 36" [_thread_blocked, id=10500, stack(0x0000008ac0700000,0x0000008ac0800000)]
  0x000001d09d3b9800 JavaThread "Unconstrained build operations Thread 37" [_thread_blocked, id=2992, stack(0x0000008ac0800000,0x0000008ac0900000)]
  0x000001d09d3b7000 JavaThread "Unconstrained build operations Thread 38" [_thread_blocked, id=1876, stack(0x0000008ac0900000,0x0000008ac0a00000)]
  0x000001d09d3ba000 JavaThread "Unconstrained build operations Thread 39" [_thread_blocked, id=6572, stack(0x0000008ac0a00000,0x0000008ac0b00000)]
  0x000001d09d3b7800 JavaThread "Unconstrained build operations Thread 40" [_thread_blocked, id=2732, stack(0x0000008ac0b00000,0x0000008ac0c00000)]
  0x000001d09d3bb000 JavaThread "Unconstrained build operations Thread 41" [_thread_blocked, id=10380, stack(0x0000008ac0c00000,0x0000008ac0d00000)]
  0x000001d09d3b5800 JavaThread "Unconstrained build operations Thread 42" [_thread_blocked, id=9632, stack(0x0000008ac0d00000,0x0000008ac0e00000)]
  0x000001d09d3bc000 JavaThread "Unconstrained build operations Thread 43" [_thread_blocked, id=13940, stack(0x0000008ac0e00000,0x0000008ac0f00000)]
  0x000001d09d3b6000 JavaThread "Unconstrained build operations Thread 44" [_thread_blocked, id=5876, stack(0x0000008ac0f00000,0x0000008ac1000000)]
  0x000001d09d3bd800 JavaThread "Unconstrained build operations Thread 45" [_thread_blocked, id=10360, stack(0x0000008ac1000000,0x0000008ac1100000)]
  0x000001d09d3c2800 JavaThread "Unconstrained build operations Thread 46" [_thread_blocked, id=5168, stack(0x0000008ac1100000,0x0000008ac1200000)]
  0x000001d09d3be800 JavaThread "Unconstrained build operations Thread 47" [_thread_blocked, id=2352, stack(0x0000008ac1200000,0x0000008ac1300000)]
  0x000001d09d3bf000 JavaThread "Unconstrained build operations Thread 48" [_thread_blocked, id=15208, stack(0x0000008ac1300000,0x0000008ac1400000)]
  0x000001d09d3bc800 JavaThread "Unconstrained build operations Thread 49" [_thread_blocked, id=8532, stack(0x0000008ac1400000,0x0000008ac1500000)]
  0x000001d09d3c4000 JavaThread "Unconstrained build operations Thread 50" [_thread_blocked, id=1180, stack(0x0000008ac1500000,0x0000008ac1600000)]
  0x000001d09d3c3000 JavaThread "Unconstrained build operations Thread 51" [_thread_blocked, id=1240, stack(0x0000008ac1600000,0x0000008ac1700000)]
  0x000001d09d3c0000 JavaThread "Unconstrained build operations Thread 52" [_thread_blocked, id=5412, stack(0x0000008ac1700000,0x0000008ac1800000)]
  0x000001d09d3c0800 JavaThread "Unconstrained build operations Thread 53" [_thread_blocked, id=5868, stack(0x0000008ac1800000,0x0000008ac1900000)]
  0x000001d09d3c1800 JavaThread "Unconstrained build operations Thread 54" [_thread_blocked, id=11412, stack(0x0000008ac1900000,0x0000008ac1a00000)]
  0x000001d09cb45800 JavaThread "Unconstrained build operations Thread 55" [_thread_blocked, id=6308, stack(0x0000008ac1a00000,0x0000008ac1b00000)]
  0x000001d09cb46000 JavaThread "Unconstrained build operations Thread 56" [_thread_blocked, id=14372, stack(0x0000008ac1b00000,0x0000008ac1c00000)]
  0x000001d09cb4a000 JavaThread "Unconstrained build operations Thread 57" [_thread_blocked, id=3336, stack(0x0000008ac1c00000,0x0000008ac1d00000)]
  0x000001d09cb47000 JavaThread "Unconstrained build operations Thread 58" [_thread_blocked, id=8260, stack(0x0000008ac1d00000,0x0000008ac1e00000)]
  0x000001d09cb4d800 JavaThread "Unconstrained build operations Thread 59" [_thread_blocked, id=10728, stack(0x0000008ac1e00000,0x0000008ac1f00000)]
  0x000001d09cb4c000 JavaThread "Unconstrained build operations Thread 60" [_thread_blocked, id=1824, stack(0x0000008ac1f00000,0x0000008ac2000000)]
  0x000001d09cb48800 JavaThread "Unconstrained build operations Thread 61" [_thread_blocked, id=9512, stack(0x0000008ac2000000,0x0000008ac2100000)]
  0x000001d09cb4b000 JavaThread "Unconstrained build operations Thread 62" [_thread_blocked, id=14608, stack(0x0000008ac2100000,0x0000008ac2200000)]
  0x000001d09cb4c800 JavaThread "Unconstrained build operations Thread 63" [_thread_blocked, id=15012, stack(0x0000008ac2200000,0x0000008ac2300000)]
  0x000001d09cb48000 JavaThread "Unconstrained build operations Thread 64" [_thread_blocked, id=320, stack(0x0000008ac2300000,0x0000008ac2400000)]
  0x000001d09cb4e800 JavaThread "Unconstrained build operations Thread 65" [_thread_blocked, id=2900, stack(0x0000008ac2400000,0x0000008ac2500000)]
  0x000001d09cb4f000 JavaThread "Unconstrained build operations Thread 66" [_thread_blocked, id=6984, stack(0x0000008ac2500000,0x0000008ac2600000)]
  0x000001d09cb49800 JavaThread "Unconstrained build operations Thread 67" [_thread_blocked, id=12664, stack(0x0000008ac2600000,0x0000008ac2700000)]
  0x000001d09cb52800 JavaThread "Unconstrained build operations Thread 68" [_thread_blocked, id=3376, stack(0x0000008ac2700000,0x0000008ac2800000)]
  0x000001d09cb53000 JavaThread "Unconstrained build operations Thread 69" [_thread_blocked, id=8024, stack(0x0000008ac2800000,0x0000008ac2900000)]
  0x000001d09cb54000 JavaThread "Unconstrained build operations Thread 70" [_thread_blocked, id=12608, stack(0x0000008ac2900000,0x0000008ac2a00000)]
  0x000001d09cb50000 JavaThread "Unconstrained build operations Thread 71" [_thread_blocked, id=9232, stack(0x0000008ac2a00000,0x0000008ac2b00000)]
  0x000001d09cb51000 JavaThread "Unconstrained build operations Thread 72" [_thread_blocked, id=13444, stack(0x0000008ac2b00000,0x0000008ac2c00000)]
  0x000001d09cb51800 JavaThread "Unconstrained build operations Thread 73" [_thread_blocked, id=1712, stack(0x0000008ac2c00000,0x0000008ac2d00000)]
  0x000001d09cbe7000 JavaThread "Unconstrained build operations Thread 74" [_thread_blocked, id=2596, stack(0x0000008ac2d00000,0x0000008ac2e00000)]
  0x000001d09cbe9800 JavaThread "Unconstrained build operations Thread 75" [_thread_blocked, id=8704, stack(0x0000008ac2e00000,0x0000008ac2f00000)]
  0x000001d09cbe8800 JavaThread "Unconstrained build operations Thread 76" [_thread_blocked, id=12688, stack(0x0000008ac2f00000,0x0000008ac3000000)]
  0x000001d09cbea000 JavaThread "Unconstrained build operations Thread 77" [_thread_blocked, id=2560, stack(0x0000008ac3000000,0x0000008ac3100000)]
  0x000001d09cbeb000 JavaThread "Unconstrained build operations Thread 78" [_thread_blocked, id=2864, stack(0x0000008ac3100000,0x0000008ac3200000)]
  0x000001d09cbec000 JavaThread "Unconstrained build operations Thread 79" [_thread_blocked, id=6132, stack(0x0000008ac3200000,0x0000008ac3300000)]
  0x000001d09cbe6000 JavaThread "Unconstrained build operations Thread 80" [_thread_blocked, id=816, stack(0x0000008ac3300000,0x0000008ac3400000)]
  0x000001d09cbed800 JavaThread "Unconstrained build operations Thread 81" [_thread_blocked, id=9308, stack(0x0000008ac3400000,0x0000008ac3500000)]
  0x000001d09cbec800 JavaThread "Unconstrained build operations Thread 82" [_thread_blocked, id=9748, stack(0x0000008ac3500000,0x0000008ac3600000)]
  0x000001d09cbe7800 JavaThread "Unconstrained build operations Thread 83" [_thread_blocked, id=3080, stack(0x0000008ac3600000,0x0000008ac3700000)]
  0x000001d09cbef000 JavaThread "Unconstrained build operations Thread 84" [_thread_blocked, id=3740, stack(0x0000008ac3700000,0x0000008ac3800000)]
  0x000001d09cbf0800 JavaThread "Unconstrained build operations Thread 85" [_thread_blocked, id=9300, stack(0x0000008ac3800000,0x0000008ac3900000)]
  0x000001d09cbf0000 JavaThread "Unconstrained build operations Thread 86" [_thread_blocked, id=14780, stack(0x0000008ac3900000,0x0000008ac3a00000)]
  0x000001d09cbf4000 JavaThread "Unconstrained build operations Thread 87" [_thread_blocked, id=3488, stack(0x0000008ac3a00000,0x0000008ac3b00000)]
  0x000001d09cbee000 JavaThread "Unconstrained build operations Thread 88" [_thread_blocked, id=4672, stack(0x0000008ac3b00000,0x0000008ac3c00000)]
  0x000001d09cbf1800 JavaThread "Unconstrained build operations Thread 89" [_thread_blocked, id=932, stack(0x0000008ac3c00000,0x0000008ac3d00000)]
  0x000001d09cbf2800 JavaThread "Unconstrained build operations Thread 90" [_thread_blocked, id=15064, stack(0x0000008ac3d00000,0x0000008ac3e00000)]
  0x000001d09cbf5000 JavaThread "Unconstrained build operations Thread 91" [_thread_blocked, id=12016, stack(0x0000008ac3e00000,0x0000008ac3f00000)]
  0x000001d09cbf3000 JavaThread "Unconstrained build operations Thread 92" [_thread_blocked, id=11140, stack(0x0000008ac3f00000,0x0000008ac4000000)]
  0x000001d09ce06000 JavaThread "Unconstrained build operations Thread 93" [_thread_blocked, id=10548, stack(0x0000008ac4000000,0x0000008ac4100000)]
  0x000001d09ce08000 JavaThread "Unconstrained build operations Thread 94" [_thread_blocked, id=13360, stack(0x0000008ac4100000,0x0000008ac4200000)]
  0x000001d09ce08800 JavaThread "Unconstrained build operations Thread 95" [_thread_blocked, id=11136, stack(0x0000008ac4200000,0x0000008ac4300000)]
  0x000001d09ce0b000 JavaThread "Unconstrained build operations Thread 96" [_thread_blocked, id=10696, stack(0x0000008ac4300000,0x0000008ac4400000)]
  0x000001d09ce09800 JavaThread "Unconstrained build operations Thread 97" [_thread_blocked, id=10556, stack(0x0000008ac4400000,0x0000008ac4500000)]
  0x000001d09ce0a800 JavaThread "Unconstrained build operations Thread 98" [_thread_blocked, id=8976, stack(0x0000008ac4500000,0x0000008ac4600000)]
  0x000001d09ce07000 JavaThread "Unconstrained build operations Thread 99" [_thread_blocked, id=10588, stack(0x0000008ac4600000,0x0000008ac4700000)]
  0x000001d09ce05800 JavaThread "Unconstrained build operations Thread 100" [_thread_blocked, id=9472, stack(0x0000008ac4700000,0x0000008ac4800000)]
  0x000001d09ce0c800 JavaThread "Unconstrained build operations Thread 101" [_thread_blocked, id=12752, stack(0x0000008ac4800000,0x0000008ac4900000)]
  0x000001d09ce0d800 JavaThread "Unconstrained build operations Thread 102" [_thread_blocked, id=11636, stack(0x0000008ac4900000,0x0000008ac4a00000)]
  0x000001d09ce0f000 JavaThread "Unconstrained build operations Thread 103" [_thread_blocked, id=9760, stack(0x0000008ac4a00000,0x0000008ac4b00000)]
  0x000001d09ce0e800 JavaThread "Unconstrained build operations Thread 104" [_thread_blocked, id=13092, stack(0x0000008ac4b00000,0x0000008ac4c00000)]
  0x000001d09ce11800 JavaThread "Unconstrained build operations Thread 105" [_thread_blocked, id=10384, stack(0x0000008ac4c00000,0x0000008ac4d00000)]
  0x000001d09ce10000 JavaThread "Unconstrained build operations Thread 106" [_thread_blocked, id=15136, stack(0x0000008ac4d00000,0x0000008ac4e00000)]
  0x000001d09ce11000 JavaThread "Unconstrained build operations Thread 107" [_thread_blocked, id=8676, stack(0x0000008ac4e00000,0x0000008ac4f00000)]
  0x000001d09ce0c000 JavaThread "Unconstrained build operations Thread 108" [_thread_blocked, id=4488, stack(0x0000008ac4f00000,0x0000008ac5000000)]
  0x000001d09ce12800 JavaThread "Unconstrained build operations Thread 109" [_thread_blocked, id=3788, stack(0x0000008ac5000000,0x0000008ac5100000)]
  0x000001d09ce13800 JavaThread "Unconstrained build operations Thread 110" [_thread_blocked, id=2644, stack(0x0000008ac5100000,0x0000008ac5200000)]
  0x000001d09ce14000 JavaThread "Unconstrained build operations Thread 111" [_thread_blocked, id=360, stack(0x0000008ac5200000,0x0000008ac5300000)]
  0x000001d09ce25800 JavaThread "Unconstrained build operations Thread 112" [_thread_blocked, id=4964, stack(0x0000008ac5300000,0x0000008ac5400000)]
  0x000001d09ce2c000 JavaThread "Unconstrained build operations Thread 113" [_thread_blocked, id=6988, stack(0x0000008ac5400000,0x0000008ac5500000)]
  0x000001d09ce28800 JavaThread "Unconstrained build operations Thread 114" [_thread_blocked, id=11236, stack(0x0000008ac5500000,0x0000008ac5600000)]
  0x000001d09ce2b000 JavaThread "Unconstrained build operations Thread 115" [_thread_blocked, id=4188, stack(0x0000008ac5600000,0x0000008ac5700000)]
  0x000001d09ce28000 JavaThread "Unconstrained build operations Thread 116" [_thread_blocked, id=13712, stack(0x0000008ac5700000,0x0000008ac5800000)]
  0x000001d09ce29800 JavaThread "Unconstrained build operations Thread 117" [_thread_blocked, id=13404, stack(0x0000008ac5800000,0x0000008ac5900000)]
  0x000001d09ce2a800 JavaThread "Unconstrained build operations Thread 118" [_thread_blocked, id=14860, stack(0x0000008ac5900000,0x0000008ac5a00000)]
  0x000001d09ce27000 JavaThread "Unconstrained build operations Thread 119" [_thread_blocked, id=5728, stack(0x0000008ac5a00000,0x0000008ac5b00000)]
  0x000001d09ce26000 JavaThread "Unconstrained build operations Thread 120" [_thread_blocked, id=916, stack(0x0000008ac5b00000,0x0000008ac5c00000)]
  0x000001d09ce31800 JavaThread "Unconstrained build operations Thread 121" [_thread_blocked, id=9984, stack(0x0000008ac5c00000,0x0000008ac5d00000)]
  0x000001d09ce31000 JavaThread "Unconstrained build operations Thread 122" [_thread_blocked, id=5244, stack(0x0000008ac5d00000,0x0000008ac5e00000)]
  0x000001d09ce2e800 JavaThread "jar transforms Thread 6" [_thread_blocked, id=13512, stack(0x0000008ac5e00000,0x0000008ac5f00000)]
  0x000001d09ce2d000 JavaThread "jar transforms Thread 7" [_thread_blocked, id=5016, stack(0x0000008ac5f00000,0x0000008ac6000000)]
  0x000001d09ce33800 JavaThread "jar transforms Thread 8" [_thread_blocked, id=2556, stack(0x0000008ac6000000,0x0000008ac6100000)]
  0x000001d09ce2f000 JavaThread "jar transforms Thread 9" [_thread_blocked, id=11380, stack(0x0000008ac6100000,0x0000008ac6200000)]
  0x000001d09ce32800 JavaThread "jar transforms Thread 10" [_thread_blocked, id=5088, stack(0x0000008ac6200000,0x0000008ac6300000)]
  0x000001d09ce2d800 JavaThread "jar transforms Thread 11" [_thread_blocked, id=13540, stack(0x0000008ac6300000,0x0000008ac6400000)]
  0x000001d09ce30000 JavaThread "jar transforms Thread 12" [_thread_blocked, id=4432, stack(0x0000008ac6400000,0x0000008ac6500000)]
  0x000001d09ce34000 JavaThread "jar transforms Thread 13" [_thread_blocked, id=12904, stack(0x0000008ac6500000,0x0000008ac6600000)]
  0x000001d09cce7800 JavaThread "jar transforms Thread 14" [_thread_blocked, id=11040, stack(0x0000008ac6600000,0x0000008ac6700000)]
  0x000001d09cce4000 JavaThread "jar transforms Thread 15" [_thread_blocked, id=2444, stack(0x0000008ac6700000,0x0000008ac6800000)]
  0x000001d09cce5000 JavaThread "jar transforms Thread 16" [_thread_blocked, id=3212, stack(0x0000008ac6800000,0x0000008ac6900000)]
  0x000001d09cce6800 JavaThread "build event listener" [_thread_blocked, id=12144, stack(0x0000008ac6900000,0x0000008ac6a00000)]
  0x000001d09cce8000 JavaThread "Memory manager" [_thread_blocked, id=10476, stack(0x0000008ac6a00000,0x0000008ac6b00000)]

Other Threads:
  0x000001d09618a000 VMThread "VM Thread" [stack: 0x0000008aba600000,0x0000008aba700000] [id=9844]
  0x000001d096b6b000 WatcherThread [stack: 0x0000008abb000000,0x0000008abb100000] [id=3160]
  0x000001d0f922a800 GCTaskThread "GC Thread#0" [stack: 0x0000008aba100000,0x0000008aba200000] [id=12728]
  0x000001d097467800 GCTaskThread "GC Thread#1" [stack: 0x0000008abb100000,0x0000008abb200000] [id=10420]
  0x000001d098b2a800 GCTaskThread "GC Thread#2" [stack: 0x0000008abbd00000,0x0000008abbe00000] [id=13224]
  0x000001d098aa2000 GCTaskThread "GC Thread#3" [stack: 0x0000008abbe00000,0x0000008abbf00000] [id=2656]
  0x000001d098aa2800 GCTaskThread "GC Thread#4" [stack: 0x0000008abbf00000,0x0000008abc000000] [id=8856]
  0x000001d098b79800 GCTaskThread "GC Thread#5" [stack: 0x0000008abc000000,0x0000008abc100000] [id=5572]
  0x000001d098b06000 GCTaskThread "GC Thread#6" [stack: 0x0000008abc100000,0x0000008abc200000] [id=7452]
  0x000001d098b06800 GCTaskThread "GC Thread#7" [stack: 0x0000008abc200000,0x0000008abc300000] [id=3364]
  0x000001d098b0a000 GCTaskThread "GC Thread#8" [stack: 0x0000008abc300000,0x0000008abc400000] [id=9880]
  0x000001d098b08000 GCTaskThread "GC Thread#9" [stack: 0x0000008abc400000,0x0000008abc500000] [id=13004]
  0x000001d098b04800 GCTaskThread "GC Thread#10" [stack: 0x0000008abc500000,0x0000008abc600000] [id=5472]
  0x000001d098b08800 GCTaskThread "GC Thread#11" [stack: 0x0000008abc600000,0x0000008abc700000] [id=2348]
  0x000001d098b09800 GCTaskThread "GC Thread#12" [stack: 0x0000008abc700000,0x0000008abc800000] [id=5732]
  0x000001d0f925e000 ConcurrentGCThread "G1 Main Marker" [stack: 0x0000008aba200000,0x0000008aba300000] [id=5832]
  0x000001d0f9260000 ConcurrentGCThread "G1 Conc#0" [stack: 0x0000008aba300000,0x0000008aba400000] [id=11740]
  0x000001d098b03800 ConcurrentGCThread "G1 Conc#1" [stack: 0x0000008abcc00000,0x0000008abcd00000] [id=15192]
  0x000001d098b0b000 ConcurrentGCThread "G1 Conc#2" [stack: 0x0000008abcd00000,0x0000008abce00000] [id=13580]
  0x000001d0f92de800 ConcurrentGCThread "G1 Refine#0" [stack: 0x0000008aba400000,0x0000008aba500000] [id=12876]
  0x000001d098b5d800 ConcurrentGCThread "G1 Refine#1" [stack: 0x0000008abc800000,0x0000008abc900000] [id=5104]
  0x000001d098b5e800 ConcurrentGCThread "G1 Refine#2" [stack: 0x0000008abc900000,0x0000008abca00000] [id=1916]
  0x000001d095fd7000 ConcurrentGCThread "G1 Young RemSet Sampling" [stack: 0x0000008aba500000,0x0000008aba600000] [id=10824]

Threads with active compile tasks:
C2 CompilerThread0    12764 8177       4       org.objectweb.asm.Type::getType (122 bytes)
C2 CompilerThread1    12764 8182       4       org.objectweb.asm.Type::getMethodDescriptor (66 bytes)
C2 CompilerThread2    12764 8185       4       sun.net.www.protocol.jar.Handler::parseURL (212 bytes)
C2 CompilerThread3    12764 8176       4       org.objectweb.asm.MethodWriter::putMethodInfo (1274 bytes)

VM state:not at safepoint (normal execution)

VM Mutex/Monitor currently owned by a thread:  ([mutex/lock_event])
[0x000001d0f920b6a0] SystemDictionary_lock - owner thread: 0x0000000000000000
[0x000001d0f920d110] Compile_lock - owner thread: 0x000001d098511800

Heap address: 0x0000000080000000, size: 2048 MB, Compressed Oops mode: 32-bit
Narrow klass base: 0x0000000000000000, Narrow klass shift: 3
Compressed class space size: 1073741824 Address: 0x0000000100000000

Heap:
 garbage-first heap   total 122880K, used 72266K [0x0000000080000000, 0x0000000100000000)
  region size 1024K, 19 young (19456K), 6 survivors (6144K)
 Metaspace       used 76780K, capacity 78553K, committed 78800K, reserved 1118208K
  class space    used 9932K, capacity 10618K, committed 10624K, reserved 1048576K
Heap Regions: E=young(eden), S=young(survivor), O=old, HS=humongous(starts), HC=humongous(continues), CS=collection set, F=free, A=archive, TAMS=top-at-mark-start (previous, next)
|   0|0x0000000080000000, 0x0000000080100000, 0x0000000080100000|100%| O|  |TAMS 0x0000000080100000, 0x0000000080000000| Untracked 
|   1|0x0000000080100000, 0x0000000080200000, 0x0000000080200000|100%| O|  |TAMS 0x0000000080200000, 0x0000000080100000| Untracked 
|   2|0x0000000080200000, 0x0000000080300000, 0x0000000080300000|100%| O|  |TAMS 0x0000000080300000, 0x0000000080200000| Untracked 
|   3|0x0000000080300000, 0x0000000080400000, 0x0000000080400000|100%|HS|  |TAMS 0x0000000080400000, 0x0000000080300000| Complete 
|   4|0x0000000080400000, 0x0000000080500000, 0x0000000080500000|100%|HC|  |TAMS 0x0000000080500000, 0x0000000080400000| Complete 
|   5|0x0000000080500000, 0x0000000080600000, 0x0000000080600000|100%|HC|  |TAMS 0x0000000080600000, 0x0000000080500000| Complete 
|   6|0x0000000080600000, 0x0000000080700000, 0x0000000080700000|100%| O|  |TAMS 0x0000000080700000, 0x0000000080600000| Untracked 
|   7|0x0000000080700000, 0x0000000080800000, 0x0000000080800000|100%| O|  |TAMS 0x0000000080800000, 0x0000000080700000| Untracked 
|   8|0x0000000080800000, 0x0000000080900000, 0x0000000080900000|100%| O|  |TAMS 0x0000000080900000, 0x0000000080800000| Untracked 
|   9|0x0000000080900000, 0x0000000080a00000, 0x0000000080a00000|100%| O|  |TAMS 0x0000000080a00000, 0x0000000080900000| Untracked 
|  10|0x0000000080a00000, 0x0000000080b00000, 0x0000000080b00000|100%| O|  |TAMS 0x0000000080b00000, 0x0000000080a00000| Untracked 
|  11|0x0000000080b00000, 0x0000000080c00000, 0x0000000080c00000|100%| O|  |TAMS 0x0000000080c00000, 0x0000000080b00000| Untracked 
|  12|0x0000000080c00000, 0x0000000080d00000, 0x0000000080d00000|100%| O|  |TAMS 0x0000000080d00000, 0x0000000080c00000| Untracked 
|  13|0x0000000080d00000, 0x0000000080e00000, 0x0000000080e00000|100%| O|  |TAMS 0x0000000080e00000, 0x0000000080d00000| Untracked 
|  14|0x0000000080e00000, 0x0000000080f00000, 0x0000000080f00000|100%| O|  |TAMS 0x0000000080f00000, 0x0000000080e00000| Untracked 
|  15|0x0000000080f00000, 0x0000000081000000, 0x0000000081000000|100%| O|  |TAMS 0x0000000081000000, 0x0000000080f00000| Untracked 
|  16|0x0000000081000000, 0x0000000081100000, 0x0000000081100000|100%| O|  |TAMS 0x0000000081100000, 0x0000000081000000| Untracked 
|  17|0x0000000081100000, 0x0000000081200000, 0x0000000081200000|100%| O|  |TAMS 0x0000000081200000, 0x0000000081100000| Untracked 
|  18|0x0000000081200000, 0x0000000081300000, 0x0000000081300000|100%| O|  |TAMS 0x0000000081300000, 0x0000000081200000| Untracked 
|  19|0x0000000081300000, 0x0000000081400000, 0x0000000081400000|100%| O|  |TAMS 0x0000000081400000, 0x0000000081300000| Untracked 
|  20|0x0000000081400000, 0x0000000081500000, 0x0000000081500000|100%| O|  |TAMS 0x0000000081500000, 0x0000000081400000| Untracked 
|  21|0x0000000081500000, 0x0000000081600000, 0x0000000081600000|100%| O|  |TAMS 0x0000000081600000, 0x0000000081500000| Untracked 
|  22|0x0000000081600000, 0x0000000081700000, 0x0000000081700000|100%| O|  |TAMS 0x0000000081700000, 0x0000000081600000| Untracked 
|  23|0x0000000081700000, 0x0000000081800000, 0x0000000081800000|100%| O|  |TAMS 0x0000000081800000, 0x0000000081700000| Untracked 
|  24|0x0000000081800000, 0x0000000081900000, 0x0000000081900000|100%| O|  |TAMS 0x0000000081900000, 0x0000000081800000| Untracked 
|  25|0x0000000081900000, 0x0000000081a00000, 0x0000000081a00000|100%| O|  |TAMS 0x0000000081a00000, 0x0000000081900000| Untracked 
|  26|0x0000000081a00000, 0x0000000081b00000, 0x0000000081b00000|100%| O|  |TAMS 0x0000000081b00000, 0x0000000081a00000| Untracked 
|  27|0x0000000081b00000, 0x0000000081c00000, 0x0000000081c00000|100%| O|  |TAMS 0x0000000081c00000, 0x0000000081b00000| Untracked 
|  28|0x0000000081c00000, 0x0000000081d00000, 0x0000000081d00000|100%| O|  |TAMS 0x0000000081d00000, 0x0000000081c00000| Untracked 
|  29|0x0000000081d00000, 0x0000000081e00000, 0x0000000081e00000|100%| O|  |TAMS 0x0000000081e00000, 0x0000000081d00000| Untracked 
|  30|0x0000000081e00000, 0x0000000081f00000, 0x0000000081f00000|100%|HS|  |TAMS 0x0000000081f00000, 0x0000000081e00000| Complete 
|  31|0x0000000081f00000, 0x0000000082000000, 0x0000000082000000|100%|HS|  |TAMS 0x0000000082000000, 0x0000000081f00000| Complete 
|  32|0x0000000082000000, 0x0000000082100000, 0x0000000082100000|100%| O|  |TAMS 0x0000000082000000, 0x0000000082000000| Untracked 
|  33|0x0000000082100000, 0x0000000082200000, 0x0000000082200000|100%| O|  |TAMS 0x0000000082200000, 0x0000000082100000| Untracked 
|  34|0x0000000082200000, 0x0000000082300000, 0x0000000082300000|100%| O|  |TAMS 0x0000000082300000, 0x0000000082200000| Untracked 
|  35|0x0000000082300000, 0x0000000082400000, 0x0000000082400000|100%| O|  |TAMS 0x0000000082400000, 0x0000000082300000| Untracked 
|  36|0x0000000082400000, 0x0000000082500000, 0x0000000082500000|100%| O|  |TAMS 0x0000000082500000, 0x0000000082400000| Untracked 
|  37|0x0000000082500000, 0x0000000082600000, 0x0000000082600000|100%| O|  |TAMS 0x0000000082600000, 0x0000000082500000| Untracked 
|  38|0x0000000082600000, 0x0000000082700000, 0x0000000082700000|100%| O|  |TAMS 0x000000008264b400, 0x0000000082600000| Untracked 
|  39|0x0000000082700000, 0x0000000082800000, 0x0000000082800000|100%| O|  |TAMS 0x0000000082700000, 0x0000000082700000| Untracked 
|  40|0x0000000082800000, 0x0000000082900000, 0x0000000082900000|100%| O|  |TAMS 0x0000000082800000, 0x0000000082800000| Untracked 
|  41|0x0000000082900000, 0x0000000082a00000, 0x0000000082a00000|100%| O|  |TAMS 0x0000000082900000, 0x0000000082900000| Untracked 
|  42|0x0000000082a00000, 0x0000000082b00000, 0x0000000082b00000|100%| O|  |TAMS 0x0000000082a00000, 0x0000000082a00000| Untracked 
|  43|0x0000000082b00000, 0x0000000082c00000, 0x0000000082c00000|100%| O|  |TAMS 0x0000000082b00000, 0x0000000082b00000| Untracked 
|  44|0x0000000082c00000, 0x0000000082d00000, 0x0000000082d00000|100%| O|  |TAMS 0x0000000082c00000, 0x0000000082c00000| Untracked 
|  45|0x0000000082d00000, 0x0000000082e00000, 0x0000000082e00000|100%| O|  |TAMS 0x0000000082d00000, 0x0000000082d00000| Untracked 
|  46|0x0000000082e00000, 0x0000000082f00000, 0x0000000082f00000|100%| O|  |TAMS 0x0000000082e00000, 0x0000000082e00000| Untracked 
|  47|0x0000000082f00000, 0x0000000083000000, 0x0000000083000000|100%| O|  |TAMS 0x0000000082f00000, 0x0000000082f00000| Untracked 
|  48|0x0000000083000000, 0x0000000083100000, 0x0000000083100000|100%| O|  |TAMS 0x0000000083000000, 0x0000000083000000| Untracked 
|  49|0x0000000083100000, 0x0000000083200000, 0x0000000083200000|100%| O|  |TAMS 0x0000000083100000, 0x0000000083100000| Untracked 
|  50|0x0000000083200000, 0x0000000083300000, 0x0000000083300000|100%| O|  |TAMS 0x0000000083200000, 0x0000000083200000| Untracked 
|  51|0x0000000083300000, 0x0000000083400000, 0x0000000083400000|100%| O|  |TAMS 0x0000000083300000, 0x0000000083300000| Untracked 
|  52|0x0000000083400000, 0x0000000083500000, 0x0000000083500000|100%| O|  |TAMS 0x0000000083400000, 0x0000000083400000| Untracked 
|  53|0x0000000083500000, 0x000000008356b608, 0x0000000083600000| 41%| O|  |TAMS 0x0000000083500000, 0x0000000083500000| Untracked 
|  54|0x0000000083600000, 0x0000000083600000, 0x0000000083700000|  0%| F|  |TAMS 0x0000000083600000, 0x0000000083600000| Untracked 
|  55|0x0000000083700000, 0x0000000083700000, 0x0000000083800000|  0%| F|  |TAMS 0x0000000083700000, 0x0000000083700000| Untracked 
|  56|0x0000000083800000, 0x0000000083800000, 0x0000000083900000|  0%| F|  |TAMS 0x0000000083800000, 0x0000000083800000| Untracked 
|  57|0x0000000083900000, 0x0000000083900000, 0x0000000083a00000|  0%| F|  |TAMS 0x0000000083900000, 0x0000000083900000| Untracked 
|  58|0x0000000083a00000, 0x0000000083a00000, 0x0000000083b00000|  0%| F|  |TAMS 0x0000000083a00000, 0x0000000083a00000| Untracked 
|  59|0x0000000083b00000, 0x0000000083b00000, 0x0000000083c00000|  0%| F|  |TAMS 0x0000000083b00000, 0x0000000083b00000| Untracked 
|  60|0x0000000083c00000, 0x0000000083c00000, 0x0000000083d00000|  0%| F|  |TAMS 0x0000000083c00000, 0x0000000083c00000| Untracked 
|  61|0x0000000083d00000, 0x0000000083d00000, 0x0000000083e00000|  0%| F|  |TAMS 0x0000000083d00000, 0x0000000083d00000| Untracked 
|  62|0x0000000083e00000, 0x0000000083e00000, 0x0000000083f00000|  0%| F|  |TAMS 0x0000000083e00000, 0x0000000083e00000| Untracked 
|  63|0x0000000083f00000, 0x0000000083f00000, 0x0000000084000000|  0%| F|  |TAMS 0x0000000083f00000, 0x0000000083f00000| Untracked 
|  64|0x0000000084000000, 0x0000000084000000, 0x0000000084100000|  0%| F|  |TAMS 0x0000000084000000, 0x0000000084000000| Untracked 
|  65|0x0000000084100000, 0x0000000084100000, 0x0000000084200000|  0%| F|  |TAMS 0x0000000084100000, 0x0000000084100000| Untracked 
|  66|0x0000000084200000, 0x0000000084200000, 0x0000000084300000|  0%| F|  |TAMS 0x0000000084200000, 0x0000000084200000| Untracked 
|  67|0x0000000084300000, 0x0000000084300000, 0x0000000084400000|  0%| F|  |TAMS 0x0000000084300000, 0x0000000084300000| Untracked 
|  68|0x0000000084400000, 0x0000000084400000, 0x0000000084500000|  0%| F|  |TAMS 0x0000000084400000, 0x0000000084400000| Untracked 
|  69|0x0000000084500000, 0x0000000084527540, 0x0000000084600000| 15%| S|CS|TAMS 0x0000000084500000, 0x0000000084500000| Complete 
|  70|0x0000000084600000, 0x0000000084600000, 0x0000000084700000|  0%| F|  |TAMS 0x0000000084600000, 0x0000000084600000| Untracked 
|  71|0x0000000084700000, 0x0000000084700000, 0x0000000084800000|  0%| F|  |TAMS 0x0000000084700000, 0x0000000084700000| Untracked 
|  72|0x0000000084800000, 0x0000000084800000, 0x0000000084900000|  0%| F|  |TAMS 0x0000000084800000, 0x0000000084800000| Untracked 
|  73|0x0000000084900000, 0x0000000084900000, 0x0000000084a00000|  0%| F|  |TAMS 0x0000000084900000, 0x0000000084900000| Untracked 
|  74|0x0000000084a00000, 0x0000000084b00000, 0x0000000084b00000|100%| S|CS|TAMS 0x0000000084a00000, 0x0000000084a00000| Complete 
|  75|0x0000000084b00000, 0x0000000084c00000, 0x0000000084c00000|100%| S|CS|TAMS 0x0000000084b00000, 0x0000000084b00000| Complete 
|  76|0x0000000084c00000, 0x0000000084d00000, 0x0000000084d00000|100%| S|CS|TAMS 0x0000000084c00000, 0x0000000084c00000| Complete 
|  77|0x0000000084d00000, 0x0000000084e00000, 0x0000000084e00000|100%| S|CS|TAMS 0x0000000084d00000, 0x0000000084d00000| Complete 
|  78|0x0000000084e00000, 0x0000000084e00000, 0x0000000084f00000|  0%| F|  |TAMS 0x0000000084e00000, 0x0000000084e00000| Untracked 
|  79|0x0000000084f00000, 0x0000000084f00000, 0x0000000085000000|  0%| F|  |TAMS 0x0000000084f00000, 0x0000000084f00000| Untracked 
|  80|0x0000000085000000, 0x0000000085100000, 0x0000000085100000|100%| S|CS|TAMS 0x0000000085000000, 0x0000000085000000| Complete 
|  81|0x0000000085100000, 0x0000000085100000, 0x0000000085200000|  0%| F|  |TAMS 0x0000000085100000, 0x0000000085100000| Untracked 
|  82|0x0000000085200000, 0x0000000085200000, 0x0000000085300000|  0%| F|  |TAMS 0x0000000085200000, 0x0000000085200000| Untracked 
|  83|0x0000000085300000, 0x0000000085300000, 0x0000000085400000|  0%| F|  |TAMS 0x0000000085300000, 0x0000000085300000| Untracked 
|  84|0x0000000085400000, 0x0000000085400000, 0x0000000085500000|  0%| F|  |TAMS 0x0000000085400000, 0x0000000085400000| Untracked 
|  85|0x0000000085500000, 0x0000000085500000, 0x0000000085600000|  0%| F|  |TAMS 0x0000000085500000, 0x0000000085500000| Untracked 
|  86|0x0000000085600000, 0x0000000085600000, 0x0000000085700000|  0%| F|  |TAMS 0x0000000085600000, 0x0000000085600000| Untracked 
|  87|0x0000000085700000, 0x0000000085700000, 0x0000000085800000|  0%| F|  |TAMS 0x0000000085700000, 0x0000000085700000| Untracked 
|  88|0x0000000085800000, 0x0000000085800000, 0x0000000085900000|  0%| F|  |TAMS 0x0000000085800000, 0x0000000085800000| Untracked 
|  89|0x0000000085900000, 0x0000000085900000, 0x0000000085a00000|  0%| F|  |TAMS 0x0000000085900000, 0x0000000085900000| Untracked 
|  90|0x0000000085a00000, 0x0000000085a00000, 0x0000000085b00000|  0%| F|  |TAMS 0x0000000085a00000, 0x0000000085a00000| Untracked 
|  91|0x0000000085b00000, 0x0000000085b00000, 0x0000000085c00000|  0%| F|  |TAMS 0x0000000085b00000, 0x0000000085b00000| Untracked 
|  92|0x0000000085c00000, 0x0000000085c00000, 0x0000000085d00000|  0%| F|  |TAMS 0x0000000085c00000, 0x0000000085c00000| Untracked 
|  93|0x0000000085d00000, 0x0000000085d00000, 0x0000000085e00000|  0%| F|  |TAMS 0x0000000085d00000, 0x0000000085d00000| Untracked 
|  94|0x0000000085e00000, 0x0000000085e00000, 0x0000000085f00000|  0%| F|  |TAMS 0x0000000085e00000, 0x0000000085e00000| Untracked 
|  95|0x0000000085f00000, 0x0000000085f00000, 0x0000000086000000|  0%| F|  |TAMS 0x0000000085f00000, 0x0000000085f00000| Untracked 
|  96|0x0000000086000000, 0x0000000086000000, 0x0000000086100000|  0%| F|  |TAMS 0x0000000086000000, 0x0000000086000000| Untracked 
|  97|0x0000000086100000, 0x0000000086100000, 0x0000000086200000|  0%| F|  |TAMS 0x0000000086100000, 0x0000000086100000| Untracked 
|  98|0x0000000086200000, 0x0000000086200000, 0x0000000086300000|  0%| F|  |TAMS 0x0000000086200000, 0x0000000086200000| Untracked 
|  99|0x0000000086300000, 0x0000000086300000, 0x0000000086400000|  0%| F|  |TAMS 0x0000000086300000, 0x0000000086300000| Untracked 
| 100|0x0000000086400000, 0x0000000086400000, 0x0000000086500000|  0%| F|  |TAMS 0x0000000086400000, 0x0000000086400000| Untracked 
| 101|0x0000000086500000, 0x0000000086500000, 0x0000000086600000|  0%| F|  |TAMS 0x0000000086500000, 0x0000000086500000| Untracked 
| 102|0x0000000086600000, 0x0000000086600000, 0x0000000086700000|  0%| F|  |TAMS 0x0000000086600000, 0x0000000086600000| Untracked 
| 103|0x0000000086700000, 0x0000000086700000, 0x0000000086800000|  0%| F|  |TAMS 0x0000000086700000, 0x0000000086700000| Untracked 
| 104|0x0000000086800000, 0x0000000086800000, 0x0000000086900000|  0%| F|  |TAMS 0x0000000086800000, 0x0000000086800000| Untracked 
| 105|0x0000000086900000, 0x0000000086900000, 0x0000000086a00000|  0%| F|  |TAMS 0x0000000086900000, 0x0000000086900000| Untracked 
| 106|0x0000000086a00000, 0x0000000086a00000, 0x0000000086b00000|  0%| F|  |TAMS 0x0000000086a00000, 0x0000000086a00000| Untracked 
| 107|0x0000000086b00000, 0x0000000086c00000, 0x0000000086c00000|100%| E|  |TAMS 0x0000000086b00000, 0x0000000086b00000| Complete 
| 108|0x0000000086c00000, 0x0000000086d00000, 0x0000000086d00000|100%| E|CS|TAMS 0x0000000086c00000, 0x0000000086c00000| Complete 
| 109|0x0000000086d00000, 0x0000000086e00000, 0x0000000086e00000|100%| E|CS|TAMS 0x0000000086d00000, 0x0000000086d00000| Complete 
| 110|0x0000000086e00000, 0x0000000086f00000, 0x0000000086f00000|100%| E|CS|TAMS 0x0000000086e00000, 0x0000000086e00000| Complete 
| 111|0x0000000086f00000, 0x0000000087000000, 0x0000000087000000|100%| E|CS|TAMS 0x0000000086f00000, 0x0000000086f00000| Complete 
| 112|0x0000000087000000, 0x0000000087100000, 0x0000000087100000|100%| E|CS|TAMS 0x0000000087000000, 0x0000000087000000| Complete 
| 113|0x0000000087100000, 0x0000000087200000, 0x0000000087200000|100%| E|CS|TAMS 0x0000000087100000, 0x0000000087100000| Complete 
| 114|0x0000000087200000, 0x0000000087300000, 0x0000000087300000|100%| E|CS|TAMS 0x0000000087200000, 0x0000000087200000| Complete 
| 115|0x0000000087300000, 0x0000000087400000, 0x0000000087400000|100%| E|CS|TAMS 0x0000000087300000, 0x0000000087300000| Complete 
| 116|0x0000000087400000, 0x0000000087500000, 0x0000000087500000|100%| E|CS|TAMS 0x0000000087400000, 0x0000000087400000| Complete 
| 117|0x0000000087500000, 0x0000000087600000, 0x0000000087600000|100%| E|CS|TAMS 0x0000000087500000, 0x0000000087500000| Complete 
| 118|0x0000000087600000, 0x0000000087700000, 0x0000000087700000|100%| E|CS|TAMS 0x0000000087600000, 0x0000000087600000| Complete 
| 119|0x0000000087700000, 0x0000000087800000, 0x0000000087800000|100%| E|CS|TAMS 0x0000000087700000, 0x0000000087700000| Complete 

Card table byte_map: [0x000001d0ff8c0000,0x000001d0ffcc0000] _byte_map_base: 0x000001d0ff4c0000

Marking Bits (Prev, Next): (CMBitMap*) 0x000001d0f9255280, (CMBitMap*) 0x000001d0f9255248
 Prev Bits: [0x000001d091400000, 0x000001d093400000)
 Next Bits: [0x000001d08f400000, 0x000001d091400000)

Polling page: 0x000001d0f92e0000

Metaspace:

Usage:
  Non-class:     66.35 MB capacity,    65.30 MB ( 98%) used,   869.93 KB (  1%) free+waste,   202.06 KB ( <1%) overhead. 
      Class:     10.37 MB capacity,     9.70 MB ( 94%) used,   591.29 KB (  6%) free+waste,    94.12 KB ( <1%) overhead. 
       Both:     76.72 MB capacity,    75.00 MB ( 98%) used,     1.43 MB (  2%) free+waste,   296.19 KB ( <1%) overhead. 

Virtual space:
  Non-class space:       68.00 MB reserved,      66.58 MB ( 98%) committed 
      Class space:        1.00 GB reserved,      10.38 MB (  1%) committed 
             Both:        1.07 GB reserved,      76.95 MB (  7%) committed 

Chunk freelists:
   Non-Class:  44.00 KB
       Class:  5.00 KB
        Both:  49.00 KB

MaxMetaspaceSize: 17179869184.00 GB
CompressedClassSpaceSize: 1.00 GB
Initial GC threshold: 20.80 MB
Current GC threshold: 98.46 MB
CDS: off

CodeHeap 'non-profiled nmethods': size=119168Kb used=5226Kb max_used=5226Kb free=113941Kb
 bounds [0x000001d087ba0000, 0x000001d0880c0000, 0x000001d08f000000]
CodeHeap 'profiled nmethods': size=119168Kb used=17781Kb max_used=17781Kb free=101386Kb
 bounds [0x000001d080740000, 0x000001d0818a0000, 0x000001d087ba0000]
CodeHeap 'non-nmethods': size=7424Kb used=4068Kb max_used=4125Kb free=3355Kb
 bounds [0x000001d080000000, 0x000001d080420000, 0x000001d080740000]
 total_blobs=9067 nmethods=8162 adapters=814
 compilation: enabled
              stopped_count=0, restarted_count=0
 full_count=0

Compilation events (20 events):
Event: 12.687 Thread 0x000001d09ad95800 nmethod 8166 0x000001d081890990 code [0x000001d081890b40, 0x000001d081890d08]
Event: 12.687 Thread 0x000001d09619f800 nmethod 8165 0x000001d081890e10 code [0x000001d081890fe0, 0x000001d081891248]
Event: 12.688 Thread 0x000001d098511800 8167       1       com.android.build.gradle.internal.publishing.AndroidArtifacts$ArtifactType::getType (5 bytes)
Event: 12.689 Thread 0x000001d099840000 8168       3       com.google.common.collect.AbstractIterator::next (34 bytes)
Event: 12.689 Thread 0x000001d098511800 nmethod 8167 0x000001d0880a2510 code [0x000001d0880a26c0, 0x000001d0880a2778]
Event: 12.689 Thread 0x000001d099840000 nmethod 8168 0x000001d081891390 code [0x000001d081891560, 0x000001d081891838]
Event: 12.695 Thread 0x000001d09ad95800 8170       1       org.gradle.internal.instantiation.generator.AbstractClassGenerator$PropertyMetadata::access$2400 (5 bytes)
Event: 12.695 Thread 0x000001d09ad95800 nmethod 8170 0x000001d0880a2810 code [0x000001d0880a29c0, 0x000001d0880a2a58]
Event: 12.697 Thread 0x000001d09619f800 8171       1       org.gradle.internal.reflect.annotations.impl.DefaultPropertyAnnotationMetadata::getPropertyName (5 bytes)
Event: 12.697 Thread 0x000001d09619f800 nmethod 8171 0x000001d0880a2b10 code [0x000001d0880a2cc0, 0x000001d0880a2d78]
Event: 12.698 Thread 0x000001d098511800 8172       3       com.google.common.collect.AbstractMapBasedMultimap$WrappedCollection$WrappedIterator::next (14 bytes)
Event: 12.698 Thread 0x000001d099840000 8173       1       com.google.common.collect.Maps$KeySet::map (5 bytes)
Event: 12.699 Thread 0x000001d099840000 nmethod 8173 0x000001d0880a2e10 code [0x000001d0880a2fc0, 0x000001d0880a3078]
Event: 12.699 Thread 0x000001d098511800 nmethod 8172 0x000001d081891990 code [0x000001d081891b80, 0x000001d081891f88]
Event: 12.700 Thread 0x000001d09ad95800 8175       3       org.gradle.model.internal.asm.ClassVisitorScope::addMethod (11 bytes)
Event: 12.700 Thread 0x000001d09ad95800 nmethod 8175 0x000001d081892110 code [0x000001d081892320, 0x000001d0818928f8]
Event: 12.704 Thread 0x000001d09cfaf000 nmethod 8159 0x000001d0880a3110 code [0x000001d0880a33a0, 0x000001d0880a49a0]
Event: 12.704 Thread 0x000001d09cfaf000 8169       4       org.gradle.internal.reflect.PropertyAccessorType::of (95 bytes)
Event: 12.712 Thread 0x000001d09cfaf000 nmethod 8169 0x000001d0880a5490 code [0x000001d0880a5660, 0x000001d0880a5a58]
Event: 12.712 Thread 0x000001d09cfaf000 8176       4       org.objectweb.asm.MethodWriter::putMethodInfo (1274 bytes)

GC Heap History (20 events):
Event: 6.634 GC heap before
{Heap before GC invocations=9 (full 0):
 garbage-first heap   total 122880K, used 73031K [0x0000000080000000, 0x0000000100000000)
  region size 1024K, 53 young (54272K), 6 survivors (6144K)
 Metaspace       used 40584K, capacity 41559K, committed 41776K, reserved 1085440K
  class space    used 5108K, capacity 5480K, committed 5504K, reserved 1048576K
}
Event: 6.640 GC heap after
{Heap after GC invocations=10 (full 0):
 garbage-first heap   total 122880K, used 27096K [0x0000000080000000, 0x0000000100000000)
  region size 1024K, 7 young (7168K), 7 survivors (7168K)
 Metaspace       used 40584K, capacity 41559K, committed 41776K, reserved 1085440K
  class space    used 5108K, capacity 5480K, committed 5504K, reserved 1048576K
}
Event: 7.579 GC heap before
{Heap before GC invocations=10 (full 0):
 garbage-first heap   total 122880K, used 76248K [0x0000000080000000, 0x0000000100000000)
  region size 1024K, 55 young (56320K), 7 survivors (7168K)
 Metaspace       used 43805K, capacity 44879K, committed 45104K, reserved 1089536K
  class space    used 5607K, capacity 6000K, committed 6016K, reserved 1048576K
}
Event: 7.583 GC heap after
{Heap after GC invocations=11 (full 0):
 garbage-first heap   total 122880K, used 30685K [0x0000000080000000, 0x0000000100000000)
  region size 1024K, 4 young (4096K), 4 survivors (4096K)
 Metaspace       used 43805K, capacity 44879K, committed 45104K, reserved 1089536K
  class space    used 5607K, capacity 6000K, committed 6016K, reserved 1048576K
}
Event: 8.054 GC heap before
{Heap before GC invocations=11 (full 0):
 garbage-first heap   total 122880K, used 79837K [0x0000000080000000, 0x0000000100000000)
  region size 1024K, 52 young (53248K), 4 survivors (4096K)
 Metaspace       used 48019K, capacity 49186K, committed 49328K, reserved 1091584K
  class space    used 6112K, capacity 6580K, committed 6656K, reserved 1048576K
}
Event: 8.057 GC heap after
{Heap after GC invocations=12 (full 0):
 garbage-first heap   total 122880K, used 31785K [0x0000000080000000, 0x0000000100000000)
  region size 1024K, 5 young (5120K), 5 survivors (5120K)
 Metaspace       used 48019K, capacity 49186K, committed 49328K, reserved 1091584K
  class space    used 6112K, capacity 6580K, committed 6656K, reserved 1048576K
}
Event: 9.147 GC heap before
{Heap before GC invocations=12 (full 0):
 garbage-first heap   total 122880K, used 81961K [0x0000000080000000, 0x0000000100000000)
  region size 1024K, 55 young (56320K), 5 survivors (5120K)
 Metaspace       used 55670K, capacity 56959K, committed 57136K, reserved 1099776K
  class space    used 7016K, capacity 7498K, committed 7552K, reserved 1048576K
}
Event: 9.151 GC heap after
{Heap after GC invocations=13 (full 0):
 garbage-first heap   total 122880K, used 36010K [0x0000000080000000, 0x0000000100000000)
  region size 1024K, 6 young (6144K), 6 survivors (6144K)
 Metaspace       used 55670K, capacity 56959K, committed 57136K, reserved 1099776K
  class space    used 7016K, capacity 7498K, committed 7552K, reserved 1048576K
}
Event: 9.980 GC heap before
{Heap before GC invocations=13 (full 0):
 garbage-first heap   total 122880K, used 88234K [0x0000000080000000, 0x0000000100000000)
  region size 1024K, 56 young (57344K), 6 survivors (6144K)
 Metaspace       used 58758K, capacity 60136K, committed 60240K, reserved 1101824K
  class space    used 7392K, capacity 7927K, committed 7936K, reserved 1048576K
}
Event: 9.987 GC heap after
{Heap after GC invocations=14 (full 0):
 garbage-first heap   total 122880K, used 45357K [0x0000000080000000, 0x0000000100000000)
  region size 1024K, 7 young (7168K), 7 survivors (7168K)
 Metaspace       used 58758K, capacity 60136K, committed 60240K, reserved 1101824K
  class space    used 7392K, capacity 7927K, committed 7936K, reserved 1048576K
}
Event: 10.679 GC heap before
{Heap before GC invocations=15 (full 0):
 garbage-first heap   total 122880K, used 90413K [0x0000000080000000, 0x0000000100000000)
  region size 1024K, 51 young (52224K), 7 survivors (7168K)
 Metaspace       used 64863K, capacity 66500K, committed 66640K, reserved 1107968K
  class space    used 8185K, capacity 8875K, committed 8960K, reserved 1048576K
}
Event: 10.683 GC heap after
{Heap after GC invocations=16 (full 0):
 garbage-first heap   total 122880K, used 47805K [0x0000000080000000, 0x0000000100000000)
  region size 1024K, 3 young (3072K), 3 survivors (3072K)
 Metaspace       used 64863K, capacity 66500K, committed 66640K, reserved 1107968K
  class space    used 8185K, capacity 8875K, committed 8960K, reserved 1048576K
}
Event: 11.152 GC heap before
{Heap before GC invocations=16 (full 0):
 garbage-first heap   total 122880K, used 100029K [0x0000000080000000, 0x0000000100000000)
  region size 1024K, 47 young (48128K), 3 survivors (3072K)
 Metaspace       used 67883K, capacity 69537K, committed 69712K, reserved 1110016K
  class space    used 8564K, capacity 9215K, committed 9216K, reserved 1048576K
}
Event: 11.155 GC heap after
{Heap after GC invocations=17 (full 0):
 garbage-first heap   total 122880K, used 51805K [0x0000000080000000, 0x0000000100000000)
  region size 1024K, 6 young (6144K), 6 survivors (6144K)
 Metaspace       used 67883K, capacity 69537K, committed 69712K, reserved 1110016K
  class space    used 8564K, capacity 9215K, committed 9216K, reserved 1048576K
}
Event: 11.639 GC heap before
{Heap before GC invocations=17 (full 0):
 garbage-first heap   total 122880K, used 94813K [0x0000000080000000, 0x0000000100000000)
  region size 1024K, 48 young (49152K), 6 survivors (6144K)
 Metaspace       used 70520K, capacity 72191K, committed 72400K, reserved 1112064K
  class space    used 8921K, capacity 9553K, committed 9600K, reserved 1048576K
}
Event: 11.643 GC heap after
{Heap after GC invocations=18 (full 0):
 garbage-first heap   total 122880K, used 55134K [0x0000000080000000, 0x0000000100000000)
  region size 1024K, 4 young (4096K), 4 survivors (4096K)
 Metaspace       used 70520K, capacity 72191K, committed 72400K, reserved 1112064K
  class space    used 8921K, capacity 9553K, committed 9600K, reserved 1048576K
}
Event: 11.870 GC heap before
{Heap before GC invocations=18 (full 0):
 garbage-first heap   total 122880K, used 96094K [0x0000000080000000, 0x0000000100000000)
  region size 1024K, 44 young (45056K), 4 survivors (4096K)
 Metaspace       used 70783K, capacity 72461K, committed 72784K, reserved 1112064K
  class space    used 8952K, capacity 9622K, committed 9728K, reserved 1048576K
}
Event: 11.874 GC heap after
{Heap after GC invocations=19 (full 0):
 garbage-first heap   total 122880K, used 57596K [0x0000000080000000, 0x0000000100000000)
  region size 1024K, 6 young (6144K), 6 survivors (6144K)
 Metaspace       used 70783K, capacity 72461K, committed 72784K, reserved 1112064K
  class space    used 8952K, capacity 9622K, committed 9728K, reserved 1048576K
}
Event: 12.554 GC heap before
{Heap before GC invocations=19 (full 0):
 garbage-first heap   total 122880K, used 97532K [0x0000000080000000, 0x0000000100000000)
  region size 1024K, 45 young (46080K), 6 survivors (6144K)
 Metaspace       used 75683K, capacity 77477K, committed 77648K, reserved 1116160K
  class space    used 9794K, capacity 10480K, committed 10496K, reserved 1048576K
}
Event: 12.558 GC heap after
{Heap after GC invocations=20 (full 0):
 garbage-first heap   total 122880K, used 59978K [0x0000000080000000, 0x0000000100000000)
  region size 1024K, 6 young (6144K), 6 survivors (6144K)
 Metaspace       used 75683K, capacity 77477K, committed 77648K, reserved 1116160K
  class space    used 9794K, capacity 10480K, committed 10496K, reserved 1048576K
}

Deoptimization events (20 events):
Event: 12.301 Thread 0x000001d097609000 Uncommon trap: trap_request=0xffffff4d fr.pc=0x000001d087eb9d48 relative=0x0000000000000268
Event: 12.301 Thread 0x000001d097609000 Uncommon trap: reason=unstable_if action=reinterpret pc=0x000001d087eb9d48 method=java.io.WinNTFileSystem.prefixLength(Ljava/lang/String;)I @ 11 c2
Event: 12.301 Thread 0x000001d097609000 DEOPT PACKING pc=0x000001d087eb9d48 sp=0x0000008abb9f8bd0
Event: 12.301 Thread 0x000001d097609000 DEOPT UNPACKING pc=0x000001d08004a1af sp=0x0000008abb9f8b50 mode 2
Event: 12.578 Thread 0x000001d097609000 Uncommon trap: trap_request=0xffffffc6 fr.pc=0x000001d087eec57c relative=0x000000000000033c
Event: 12.578 Thread 0x000001d097609000 Uncommon trap: reason=bimorphic_or_optimized_type_check action=maybe_recompile pc=0x000001d087eec57c method=com.google.common.collect.RegularImmutableSet.contains(Ljava/lang/Object;)Z @ 42 c2
Event: 12.578 Thread 0x000001d097609000 DEOPT PACKING pc=0x000001d087eec57c sp=0x0000008abb9f8b10
Event: 12.578 Thread 0x000001d097609000 DEOPT UNPACKING pc=0x000001d08004a1af sp=0x0000008abb9f8ab0 mode 2
Event: 12.582 Thread 0x000001d097609000 Uncommon trap: trap_request=0xffffffc6 fr.pc=0x000001d087eec57c relative=0x000000000000033c
Event: 12.582 Thread 0x000001d097609000 Uncommon trap: reason=bimorphic_or_optimized_type_check action=maybe_recompile pc=0x000001d087eec57c method=com.google.common.collect.RegularImmutableSet.contains(Ljava/lang/Object;)Z @ 42 c2
Event: 12.582 Thread 0x000001d097609000 DEOPT PACKING pc=0x000001d087eec57c sp=0x0000008abb9f8b10
Event: 12.582 Thread 0x000001d097609000 DEOPT UNPACKING pc=0x000001d08004a1af sp=0x0000008abb9f8ab0 mode 2
Event: 12.588 Thread 0x000001d097609000 Uncommon trap: trap_request=0xffffffc6 fr.pc=0x000001d087eec57c relative=0x000000000000033c
Event: 12.588 Thread 0x000001d097609000 Uncommon trap: reason=bimorphic_or_optimized_type_check action=maybe_recompile pc=0x000001d087eec57c method=com.google.common.collect.RegularImmutableSet.contains(Ljava/lang/Object;)Z @ 42 c2
Event: 12.588 Thread 0x000001d097609000 DEOPT PACKING pc=0x000001d087eec57c sp=0x0000008abb9f8ca0
Event: 12.588 Thread 0x000001d097609000 DEOPT UNPACKING pc=0x000001d08004a1af sp=0x0000008abb9f8c40 mode 2
Event: 12.710 Thread 0x000001d097609000 Uncommon trap: trap_request=0xffffffde fr.pc=0x000001d087f33400 relative=0x0000000000000ee0
Event: 12.710 Thread 0x000001d097609000 Uncommon trap: reason=class_check action=maybe_recompile pc=0x000001d087f33400 method=org.gradle.internal.instantiation.generator.AbstractClassGenerator$InjectionAnnotationValidator.validateMethod(Ljava/lang/reflect/Method;Lorg/gradle/internal/reflect/Pro
Event: 12.710 Thread 0x000001d097609000 DEOPT PACKING pc=0x000001d087f33400 sp=0x0000008abb9f81e0
Event: 12.710 Thread 0x000001d097609000 DEOPT UNPACKING pc=0x000001d08004a1af sp=0x0000008abb9f81a8 mode 2

Classes redefined (0 events):
No events

Internal exceptions (20 events):
Event: 11.804 Thread 0x000001d097609000 Exception <a 'java/lang/ClassNotFoundException'{0x00000000859da130}: org/gradle/api/JavaVersionBeanInfo> (0x00000000859da130) thrown at [src/hotspot/share/classfile/systemDictionary.cpp, line 230]
Event: 11.806 Thread 0x000001d097609000 Exception <a 'java/lang/ClassNotFoundException'{0x000000008580ac50}: org/gradle/api/JavaVersionCustomizer> (0x000000008580ac50) thrown at [src/hotspot/share/classfile/systemDictionary.cpp, line 230]
Event: 11.809 Thread 0x000001d097609000 Exception <a 'java/lang/ClassNotFoundException'{0x0000000085876400}: com/android/build/gradle/internal/CompileOptions$AgpDecorated_DecoratedBeanInfo> (0x0000000085876400) thrown at [src/hotspot/share/classfile/systemDictionary.cpp, line 230]
Event: 11.809 Thread 0x000001d097609000 Exception <a 'java/lang/ClassNotFoundException'{0x0000000085894d90}: com/android/build/gradle/internal/CompileOptions$AgpDecoratedBeanInfo> (0x0000000085894d90) thrown at [src/hotspot/share/classfile/systemDictionary.cpp, line 230]
Event: 11.810 Thread 0x000001d097609000 Exception <a 'java/lang/ClassNotFoundException'{0x00000000858b0f18}: com/android/build/gradle/internal/CompileOptionsBeanInfo> (0x00000000858b0f18) thrown at [src/hotspot/share/classfile/systemDictionary.cpp, line 230]
Event: 11.810 Thread 0x000001d097609000 Exception <a 'java/lang/ClassNotFoundException'{0x00000000858cd868}: com/android/build/gradle/internal/CompileOptionsCustomizer> (0x00000000858cd868) thrown at [src/hotspot/share/classfile/systemDictionary.cpp, line 230]
Event: 11.811 Thread 0x000001d097609000 Exception <a 'java/lang/ClassNotFoundException'{0x00000000858f83e0}: com/android/build/gradle/internal/CompileOptions$AgpDecoratedCustomizer> (0x00000000858f83e0) thrown at [src/hotspot/share/classfile/systemDictionary.cpp, line 230]
Event: 11.811 Thread 0x000001d097609000 Exception <a 'java/lang/ClassNotFoundException'{0x0000000085726cd8}: com/android/build/gradle/internal/CompileOptions$AgpDecorated_DecoratedCustomizer> (0x0000000085726cd8) thrown at [src/hotspot/share/classfile/systemDictionary.cpp, line 230]
Event: 11.817 Thread 0x000001d097609000 Exception <a 'java/lang/ClassNotFoundException'{0x00000000857f4c48}: org/gradle/api/internal/artifacts/dsl/dependencies/DefaultDependencyHandler_DecoratedBeanInfo> (0x00000000857f4c48) thrown at [src/hotspot/share/classfile/systemDictionary.cpp, line 230]
Event: 11.819 Thread 0x000001d097609000 Exception <a 'java/lang/ClassNotFoundException'{0x00000000856479c8}: org/gradle/api/internal/artifacts/dsl/dependencies/DefaultDependencyHandlerBeanInfo> (0x00000000856479c8) thrown at [src/hotspot/share/classfile/systemDictionary.cpp, line 230]
Event: 11.820 Thread 0x000001d097609000 Exception <a 'java/lang/ClassNotFoundException'{0x000000008569a710}: org/gradle/api/internal/artifacts/dsl/dependencies/DefaultDependencyHandlerCustomizer> (0x000000008569a710) thrown at [src/hotspot/share/classfile/systemDictionary.cpp, line 230]
Event: 11.821 Thread 0x000001d097609000 Exception <a 'java/lang/ClassNotFoundException'{0x0000000085518be8}: org/gradle/api/internal/artifacts/dsl/dependencies/DefaultDependencyHandler_DecoratedCustomizer> (0x0000000085518be8) thrown at [src/hotspot/share/classfile/systemDictionary.cpp, line 230]
Event: 11.832 Thread 0x000001d097609000 Exception <a 'java/lang/ClassNotFoundException'{0x00000000854d9e68}: org/gradle/api/internal/file/collections/DefaultConfigurableFileTreeBeanInfo> (0x00000000854d9e68) thrown at [src/hotspot/share/classfile/systemDictionary.cpp, line 230]
Event: 11.833 Thread 0x000001d097609000 Exception <a 'java/lang/ClassNotFoundException'{0x00000000853102c8}: org/gradle/api/internal/file/CompositeFileTreeBeanInfo> (0x00000000853102c8) thrown at [src/hotspot/share/classfile/systemDictionary.cpp, line 230]
Event: 11.833 Thread 0x000001d097609000 Exception <a 'java/lang/ClassNotFoundException'{0x0000000085348808}: org/gradle/api/internal/file/CompositeFileCollectionBeanInfo> (0x0000000085348808) thrown at [src/hotspot/share/classfile/systemDictionary.cpp, line 230]
Event: 11.834 Thread 0x000001d097609000 Exception <a 'java/lang/ClassNotFoundException'{0x0000000085380fe8}: org/gradle/api/internal/file/AbstractFileCollectionBeanInfo> (0x0000000085380fe8) thrown at [src/hotspot/share/classfile/systemDictionary.cpp, line 230]
Event: 11.835 Thread 0x000001d097609000 Exception <a 'java/lang/ClassNotFoundException'{0x00000000853b96b8}: org/gradle/api/internal/file/AbstractFileCollectionCustomizer> (0x00000000853b96b8) thrown at [src/hotspot/share/classfile/systemDictionary.cpp, line 230]
Event: 11.837 Thread 0x000001d097609000 Exception <a 'java/lang/ClassNotFoundException'{0x00000000852044e0}: org/gradle/api/internal/file/CompositeFileCollectionCustomizer> (0x00000000852044e0) thrown at [src/hotspot/share/classfile/systemDictionary.cpp, line 230]
Event: 11.838 Thread 0x000001d097609000 Exception <a 'java/lang/ClassNotFoundException'{0x0000000085242ba8}: org/gradle/api/internal/file/CompositeFileTreeCustomizer> (0x0000000085242ba8) thrown at [src/hotspot/share/classfile/systemDictionary.cpp, line 230]
Event: 11.840 Thread 0x000001d097609000 Exception <a 'java/lang/ClassNotFoundException'{0x000000008528d110}: org/gradle/api/internal/file/collections/DefaultConfigurableFileTreeCustomizer> (0x000000008528d110) thrown at [src/hotspot/share/classfile/systemDictionary.cpp, line 230]

Events (20 events):
Event: 12.707 loading class com/android/build/gradle/internal/dependency/RecalculateStackFramesTransform$Companion$registerRecalculateStackFramesTransform$1$2
Event: 12.707 loading class com/android/build/gradle/internal/dependency/RecalculateStackFramesTransform$Companion$registerRecalculateStackFramesTransform$1$2 done
Event: 12.708 loading class org/gradle/api/artifacts/transform/InputArtifactDependencies
Event: 12.708 loading class org/gradle/api/artifacts/transform/InputArtifactDependencies done
Event: 12.712 loading class com/android/build/gradle/internal/ApiObjectFactory
Event: 12.712 loading class com/android/build/gradle/internal/ApiObjectFactory done
Event: 12.712 loading class com/android/build/gradle/internal/api/BaseVariantImpl
Event: 12.712 loading class com/android/build/gradle/internal/api/BaseVariantImpl done
Event: 12.714 loading class com/android/build/gradle/internal/api/TestVariantImpl
Event: 12.714 loading class com/android/build/gradle/internal/api/TestVariantImpl done
Event: 12.714 loading class com/android/build/gradle/internal/api/ApkVariantImpl
Event: 12.714 loading class com/android/build/gradle/internal/api/ApkVariantImpl done
Event: 12.715 loading class com/android/build/gradle/internal/api/InstallableVariantImpl
Event: 12.715 loading class com/android/build/gradle/internal/api/InstallableVariantImpl done
Event: 12.715 loading class com/android/build/gradle/internal/api/AndroidArtifactVariantImpl
Event: 12.715 loading class com/android/build/gradle/internal/api/AndroidArtifactVariantImpl done
Event: 12.715 loading class com/android/build/gradle/internal/api/ApplicationVariantImpl
Event: 12.715 loading class com/android/build/gradle/internal/api/ApplicationVariantImpl done
Event: 12.716 loading class com/android/build/api/artifact/SingleArtifact$OBFUSCATION_MAPPING_FILE
Event: 12.716 loading class com/android/build/api/artifact/SingleArtifact$OBFUSCATION_MAPPING_FILE done


Dynamic libraries:
0x00007ff760ed0000 - 0x00007ff760eda000 	C:\Program Files\Android\Android Studio\jbr\bin\java.exe
0x00007ffc484f0000 - 0x00007ffc48704000 	C:\WINDOWS\SYSTEM32\ntdll.dll
0x00007ffc46c40000 - 0x00007ffc46d03000 	C:\WINDOWS\System32\KERNEL32.DLL
0x00007ffc45b60000 - 0x00007ffc45efc000 	C:\WINDOWS\System32\KERNELBASE.dll
0x00007ffc45a40000 - 0x00007ffc45b51000 	C:\WINDOWS\System32\ucrtbase.dll
0x00007ffc30130000 - 0x00007ffc30147000 	C:\Program Files\Android\Android Studio\jbr\bin\jli.dll
0x00007ffc2dc60000 - 0x00007ffc2dc7b000 	C:\Program Files\Android\Android Studio\jbr\bin\VCRUNTIME140.dll
0x00007ffc47db0000 - 0x00007ffc47f5d000 	C:\WINDOWS\System32\USER32.dll
0x00007ffc462d0000 - 0x00007ffc462f6000 	C:\WINDOWS\System32\win32u.dll
0x00007ffc44b80000 - 0x00007ffc44e0e000 	C:\WINDOWS\WinSxS\amd64_microsoft.windows.common-controls_6595b64144ccf1df_6.0.22621.608_none_a9444ca7c10bb01d\COMCTL32.dll
0x00007ffc47f60000 - 0x00007ffc47f89000 	C:\WINDOWS\System32\GDI32.dll
0x00007ffc467b0000 - 0x00007ffc46857000 	C:\WINDOWS\System32\msvcrt.dll
0x00007ffc46070000 - 0x00007ffc46183000 	C:\WINDOWS\System32\gdi32full.dll
0x00007ffc459a0000 - 0x00007ffc45a3a000 	C:\WINDOWS\System32\msvcp_win.dll
0x00007ffc46be0000 - 0x00007ffc46c11000 	C:\WINDOWS\System32\IMM32.DLL
0x00007ffc37c20000 - 0x00007ffc37c2c000 	C:\Program Files\Android\Android Studio\jbr\bin\vcruntime140_1.dll
0x00007ffbfc2a0000 - 0x00007ffbfc32d000 	C:\Program Files\Android\Android Studio\jbr\bin\msvcp140.dll
0x00007ffbf2bc0000 - 0x00007ffbf377c000 	C:\Program Files\Android\Android Studio\jbr\bin\server\jvm.dll
0x00007ffc46e50000 - 0x00007ffc46efe000 	C:\WINDOWS\System32\ADVAPI32.dll
0x00007ffc47290000 - 0x00007ffc47334000 	C:\WINDOWS\System32\sechost.dll
0x00007ffc46610000 - 0x00007ffc46725000 	C:\WINDOWS\System32\RPCRT4.dll
0x00007ffc48020000 - 0x00007ffc48028000 	C:\WINDOWS\System32\PSAPI.DLL
0x00007ffc3eb70000 - 0x00007ffc3eb79000 	C:\WINDOWS\SYSTEM32\WSOCK32.dll
0x00007ffc3a060000 - 0x00007ffc3a06a000 	C:\WINDOWS\SYSTEM32\VERSION.dll
0x00007ffc3cda0000 - 0x00007ffc3cdd4000 	C:\WINDOWS\SYSTEM32\WINMM.dll
0x00007ffc46730000 - 0x00007ffc467a1000 	C:\WINDOWS\System32\WS2_32.dll
0x00007ffc44160000 - 0x00007ffc44178000 	C:\WINDOWS\SYSTEM32\kernel.appcore.dll
0x00007ffc3fc00000 - 0x00007ffc3fc10000 	C:\Program Files\Android\Android Studio\jbr\bin\verify.dll
0x00007ffc452b0000 - 0x00007ffc454de000 	C:\WINDOWS\SYSTEM32\DBGHELP.DLL
0x00007ffc46f00000 - 0x00007ffc47289000 	C:\WINDOWS\System32\combase.dll
0x00007ffc47cd0000 - 0x00007ffc47da7000 	C:\WINDOWS\System32\OLEAUT32.dll
0x00007ffc45120000 - 0x00007ffc45152000 	C:\WINDOWS\SYSTEM32\dbgcore.DLL
0x00007ffc46190000 - 0x00007ffc4620b000 	C:\WINDOWS\System32\bcryptPrimitives.dll
0x00007ffc3c010000 - 0x00007ffc3c038000 	C:\Program Files\Android\Android Studio\jbr\bin\java.dll
0x00007ffc3f7a0000 - 0x00007ffc3f7aa000 	C:\Program Files\Android\Android Studio\jbr\bin\jimage.dll
0x00007ffc3ea20000 - 0x00007ffc3ea38000 	C:\Program Files\Android\Android Studio\jbr\bin\zip.dll
0x00007ffc47340000 - 0x00007ffc47b30000 	C:\WINDOWS\System32\SHELL32.dll
0x00007ffc42f80000 - 0x00007ffc4384e000 	C:\WINDOWS\SYSTEM32\windows.storage.dll
0x00007ffc42e40000 - 0x00007ffc42f7e000 	C:\WINDOWS\SYSTEM32\wintypes.dll
0x00007ffc46510000 - 0x00007ffc46601000 	C:\WINDOWS\System32\SHCORE.dll
0x00007ffc469c0000 - 0x00007ffc46a1e000 	C:\WINDOWS\System32\shlwapi.dll
0x00007ffc45860000 - 0x00007ffc45881000 	C:\WINDOWS\SYSTEM32\profapi.dll
0x00007ffc3ceb0000 - 0x00007ffc3cec9000 	C:\Program Files\Android\Android Studio\jbr\bin\net.dll
0x00007ffc3f980000 - 0x00007ffc3faaf000 	C:\WINDOWS\SYSTEM32\WINHTTP.dll
0x00007ffc44780000 - 0x00007ffc447e9000 	C:\WINDOWS\system32\mswsock.dll
0x00007ffc3c9f0000 - 0x00007ffc3ca03000 	C:\Program Files\Android\Android Studio\jbr\bin\nio.dll
0x00007ffc2d1f0000 - 0x00007ffc2d217000 	C:\Users\an6el\.gradle\native\e1d6ef7f7dcc3fd88c89a11ec53ec762bb8ba0a96d01ffa2cd45eb1d1d8dd5c5\windows-amd64\native-platform.dll
0x00007ffbf6890000 - 0x00007ffbf69d4000 	C:\Users\an6el\.gradle\native\0d407fdbe67a94daf76414ababcb853783967236a71b16ec16e742cd7a986fd3\windows-amd64\native-platform-file-events.dll
0x00007ffc3ce70000 - 0x00007ffc3ce7a000 	C:\Program Files\Android\Android Studio\jbr\bin\management.dll
0x00007ffc3c8f0000 - 0x00007ffc3c8fb000 	C:\Program Files\Android\Android Studio\jbr\bin\management_ext.dll
0x00007ffc455d0000 - 0x00007ffc455eb000 	C:\WINDOWS\SYSTEM32\CRYPTSP.dll
0x00007ffc44260000 - 0x00007ffc44295000 	C:\WINDOWS\system32\rsaenh.dll
0x00007ffc44720000 - 0x00007ffc44748000 	C:\WINDOWS\SYSTEM32\USERENV.dll
0x00007ffc45230000 - 0x00007ffc45258000 	C:\WINDOWS\SYSTEM32\bcrypt.dll
0x00007ffc449d0000 - 0x00007ffc449dc000 	C:\WINDOWS\SYSTEM32\CRYPTBASE.dll
0x00007ffc43c00000 - 0x00007ffc43c2d000 	C:\WINDOWS\SYSTEM32\IPHLPAPI.DLL
0x00007ffc46d10000 - 0x00007ffc46d19000 	C:\WINDOWS\System32\NSI.dll
0x00007ffc3d900000 - 0x00007ffc3d919000 	C:\WINDOWS\SYSTEM32\dhcpcsvc6.DLL
0x00007ffc3d8e0000 - 0x00007ffc3d8ff000 	C:\WINDOWS\SYSTEM32\dhcpcsvc.DLL
0x00007ffc43c30000 - 0x00007ffc43d23000 	C:\WINDOWS\SYSTEM32\DNSAPI.dll
0x00007ffc33d70000 - 0x00007ffc33d97000 	C:\Program Files\Android\Android Studio\jbr\bin\sunec.dll
0x00007ffc3d8d0000 - 0x00007ffc3d8da000 	C:\Windows\System32\rasadhlp.dll
0x00007ffc3c860000 - 0x00007ffc3c8e3000 	C:\WINDOWS\System32\fwpuclnt.dll

dbghelp: loaded successfully - version: 4.0.5 - missing functions: none
symbol engine: initialized successfully - sym options: 0x614 - pdb path: .;C:\Program Files\Android\Android Studio\jbr\bin;C:\WINDOWS\SYSTEM32;C:\WINDOWS\WinSxS\amd64_microsoft.windows.common-controls_6595b64144ccf1df_6.0.22621.608_none_a9444ca7c10bb01d;C:\Program Files\Android\Android Studio\jbr\bin\server;C:\Users\an6el\.gradle\native\e1d6ef7f7dcc3fd88c89a11ec53ec762bb8ba0a96d01ffa2cd45eb1d1d8dd5c5\windows-amd64;C:\Users\an6el\.gradle\native\0d407fdbe67a94daf76414ababcb853783967236a71b16ec16e742cd7a986fd3\windows-amd64

VM Arguments:
jvm_args: --add-opens=java.base/java.util=ALL-UNNAMED --add-opens=java.base/java.lang=ALL-UNNAMED --add-opens=java.base/java.lang.invoke=ALL-UNNAMED --add-opens=java.base/java.util=ALL-UNNAMED --add-opens=java.prefs/java.util.prefs=ALL-UNNAMED --add-opens=java.prefs/java.util.prefs=ALL-UNNAMED --add-opens=java.base/java.nio.charset=ALL-UNNAMED --add-opens=java.base/java.net=ALL-UNNAMED --add-opens=java.base/java.util.concurrent.atomic=ALL-UNNAMED -Xmx2048m -Dfile.encoding=UTF-8 -Duser.country=US -Duser.language=en -Duser.variant 
java_command: org.gradle.launcher.daemon.bootstrap.GradleDaemon 7.5
java_class_path (initial): C:\Users\an6el\.gradle\wrapper\dists\gradle-7.5-bin\f1w0cc9nuo0eivz97x2xlu9sv\gradle-7.5\lib\gradle-launcher-7.5.jar
Launcher Type: SUN_STANDARD

[Global flags]
     intx CICompilerCount                          = 12                                        {product} {ergonomic}
     uint ConcGCThreads                            = 3                                         {product} {ergonomic}
     uint G1ConcRefinementThreads                  = 13                                        {product} {ergonomic}
   size_t G1HeapRegionSize                         = 1048576                                   {product} {ergonomic}
    uintx GCDrainStackTargetSize                   = 64                                        {product} {ergonomic}
   size_t InitialHeapSize                          = 125829120                                 {product} {ergonomic}
   size_t MarkStackSize                            = 4194304                                   {product} {ergonomic}
   size_t MaxHeapSize                              = 2147483648                                {product} {command line}
   size_t MaxNewSize                               = 1287651328                                {product} {ergonomic}
   size_t MinHeapDeltaBytes                        = 1048576                                   {product} {ergonomic}
    uintx NonNMethodCodeHeapSize                   = 7594288                                {pd product} {ergonomic}
    uintx NonProfiledCodeHeapSize                  = 122031976                              {pd product} {ergonomic}
    uintx ProfiledCodeHeapSize                     = 122031976                              {pd product} {ergonomic}
    uintx ReservedCodeCacheSize                    = 251658240                              {pd product} {ergonomic}
     bool SegmentedCodeCache                       = true                                      {product} {ergonomic}
     bool UseCompressedClassPointers               = true                                 {lp64_product} {ergonomic}
     bool UseCompressedOops                        = true                                 {lp64_product} {ergonomic}
     bool UseG1GC                                  = true                                      {product} {ergonomic}
     bool UseLargePagesIndividualAllocation        = false                                  {pd product} {ergonomic}

Logging:
Log output configuration:
 #0: stdout all=warning uptime,level,tags
 #1: stderr all=off uptime,level,tags

Environment Variables:
PATH=C:\Program Files\Eclipse Adoptium\jdk-17.0.4.101-hotspot\bin;C:\Program Files (x86)\Common Files\Oracle\Java\javapath;C:\ProgramData\Oracle\Java\javapath;C:\WINDOWS\system32;C:\WINDOWS;C:\WINDOWS\System32\Wbem;C:\WINDOWS\System32\WindowsPowerShell\v1.0\;C:\WINDOWS\System32\OpenSSH\;C:\msys64\mingw64\bin;C:\Program Files\dotnet\;C:\Program Files\MySQL\MySQL Shell 8.0\bin\;C:\Users\an6el\AppData\Local\Microsoft\WindowsApps;C:\Program Files\JetBrains\IntelliJ IDEA Community Edition 2021.2.3\bin;;C:\Users\an6el\AppData\Local\Programs\Microsoft VS Code\bin;c:\msys64\mingw64\lib\python3.9\site-packages;C:\Users\an6el\.dotnet\tools
USERNAME=an6el
OS=Windows_NT
PROCESSOR_IDENTIFIER=AMD64 Family 23 Model 104 Stepping 1, AuthenticAMD



---------------  S Y S T E M  ---------------

OS: Windows 11 , 64 bit Build 22621 (10.0.22621.1344)
OS uptime: 0 days 5:30 hours

CPU:total 16 (initial active 16) (16 cores per cpu, 2 threads per core) family 23 model 104 stepping 1 microcode 0x0, cmov, cx8, fxsr, mmx, sse, sse2, sse3, ssse3, sse4.1, sse4.2, popcnt, avx, avx2, aes, clmul, mmxext, 3dnowpref, lzcnt, sse4a, ht, tsc, tscinvbit, tscinv, bmi1, bmi2, adx, sha, fma

Memory: 4k page, system-wide physical 7563M (721M free)
TotalPageFile size 14731M (AvailPageFile size 1M)
current process WorkingSet (physical memory assigned to process): 369M, peak: 375M
current process commit charge ("private bytes"): 437M, peak: 444M

vm_info: OpenJDK 64-Bit Server VM (11.0.15+0-b2043.56-9505619) for windows-amd64 JRE (11.0.15+0-b2043.56-9505619), built on Jan 19 2023 02:48:00 by "builduser" with unknown MS VC++:1929

END.
